#
# There is insufficient memory for the Java Runtime Environment to continue.
# Native memory allocation (malloc) failed to allocate 405344 bytes for Chunk::new
# Possible reasons:
#   The system is out of physical RAM or swap space
#   The process is running with CompressedOops enabled, and the Java Heap may be blocking the growth of the native heap
# Possible solutions:
#   Reduce memory load on the system
#   Increase physical memory or swap space
#   Check if swap backing store is full
#   Decrease Java heap size (-Xmx/-Xms)
#   Decrease number of Java threads
#   Decrease Java thread stack sizes (-Xss)
#   Set larger code cache with -XX:ReservedCodeCacheSize=
#   JVM is running with Unscaled Compressed Oops mode in which the Java heap is
#     placed in the first 4GB address space. The Java Heap base address is the
#     maximum limit for the native heap growth. Please use -XX:HeapBaseMinAddress
#     to set the Java Heap base and to place the Java Heap above 4GB virtual address.
# This output file may be truncated or incomplete.
#
#  Out of Memory Error (arena.cpp:168), pid=2616, tid=14280
#
# JRE version: Java(TM) SE Runtime Environment (21.0.2+13) (build 21.0.2+13-LTS-58)
# Java VM: Java HotSpot(TM) 64-Bit Server VM (21.0.2+13-LTS-58, mixed mode, sharing, tiered, compressed oops, compressed class ptrs, g1 gc, windows-amd64)
# No core dump will be written. Minidumps are not enabled by default on client versions of Windows
#

---------------  S U M M A R Y ------------

Command Line: --module-path=D:\sem6\OOAD\Project\eFormer\Frontend\target\classes;C:\Users\mnshr\.m2\repository\com\dlsc\formsfx\formsfx-core\11.6.0\formsfx-core-11.6.0.jar;C:\Users\mnshr\.m2\repository\com\jfoenix\jfoenix\9.0.1\jfoenix-9.0.1.jar;C:\Users\mnshr\.m2\repository\de\jensd\fontawesomefx-commons\9.1.2\fontawesomefx-commons-9.1.2.jar;C:\Users\mnshr\.m2\repository\de\jensd\fontawesomefx-fontawesome\4.7.0-9.1.2\fontawesomefx-fontawesome-4.7.0-9.1.2.jar;C:\Users\mnshr\.m2\repository\eu\hansolo\tilesfx\16.0.3\tilesfx-16.0.3.jar;C:\Users\mnshr\.m2\repository\io\github\toolfactory\jvm-driver\9.4.3\jvm-driver-9.4.3.jar;C:\Users\mnshr\.m2\repository\net\synedra\validatorfx\0.4.0\validatorfx-0.4.0.jar;C:\Users\mnshr\.m2\repository\org\burningwave\core\12.62.7\core-12.62.7.jar;C:\Users\mnshr\.m2\repository\org\burningwave\jvm-driver\8.14.1\jvm-driver-8.14.1.jar;C:\Users\mnshr\.m2\repository\org\controlsfx\controlsfx\11.1.2\controlsfx-11.1.2.jar;C:\Users\mnshr\.m2\repository\org\json\json\20230227\json-20230227.jar;C:\Users\mnshr\.m2\repository\org\kordamp\bootstrapfx\bootstrapfx-core\0.4.0\bootstrapfx-core-0.4.0.jar;C:\Users\mnshr\.m2\repository\org\kordamp\ikonli\ikonli-core\12.3.1\ikonli-core-12.3.1.jar;C:\Users\mnshr\.m2\repository\org\kordamp\ikonli\ikonli-javafx\12.3.1\ikonli-javafx-12.3.1.jar;C:\Users\mnshr\.m2\repository\org\openjfx\javafx-base\19.0.2.1\javafx-base-19.0.2.1-win.jar;C:\Users\mnshr\.m2\repository\org\openjfx\javafx-controls\19.0.2.1\javafx-controls-19.0.2.1-win.jar;C:\Users\mnshr\.m2\repository\org\openjfx\javafx-fxml\19.0.2.1\javafx-fxml-19.0.2.1-win.jar;C:\Users\mnshr\.m2\repository\org\openjfx\javafx-graphics\19.0.2.1\javafx-graphics-19.0.2.1-win.jar;C:\Users\mnshr\.m2\repository\org\openjfx\javafx-media\19.0.2.1\javafx-media-19.0.2.1-win.jar;C:\Users\mnshr\.m2\repository\org\openjfx\javafx-web\19.0.2.1\javafx-web-19.0.2.1-win.jar --add-modules=eformer.front.eformer_frontend -Djdk.module.main=eformer.front.eformer_frontend eformer.front.eformer_frontend/eformer.front.eformer_frontend.Main

Host: AMD Ryzen 7 4800H with Radeon Graphics         , 16 cores, 7G,  Windows 11 , 64 bit Build 22621 (10.0.22621.3374)
Time: Sun Apr 21 23:02:08 2024 India Standard Time elapsed time: 179.940864 seconds (0d 0h 2m 59s)

---------------  T H R E A D  ---------------

Current thread (0x000002596a2756d0):  JavaThread "C2 CompilerThread0" daemon [_thread_in_native, id=14280, stack(0x000000df88500000,0x000000df88600000) (1024K)]


Current CompileTask:
C2: 179940 8849       4       com.sun.javafx.sg.prism.NGRegion::renderBackgroundRectanglesDirectly (346 bytes)

Stack: [0x000000df88500000,0x000000df88600000]
Native frames: (J=compiled Java code, j=interpreted, Vv=VM code, C=native code)
V  [jvm.dll+0x6cade9]
V  [jvm.dll+0x8569c1]
V  [jvm.dll+0x858d2e]
V  [jvm.dll+0x859413]
V  [jvm.dll+0x280e56]
V  [jvm.dll+0xc3f3d]
V  [jvm.dll+0xc4473]
V  [jvm.dll+0x3b5c2c]
V  [jvm.dll+0x382855]
V  [jvm.dll+0x381cca]
V  [jvm.dll+0x249bd0]
V  [jvm.dll+0x2491b1]
V  [jvm.dll+0x1c9634]
V  [jvm.dll+0x258859]
V  [jvm.dll+0x256e3a]
V  [jvm.dll+0x3ef6c6]
V  [jvm.dll+0x7ff568]
V  [jvm.dll+0x6c953d]
C  [ucrtbase.dll+0x29333]
C  [KERNEL32.DLL+0x1257d]
C  [ntdll.dll+0x5aa48]


---------------  P R O C E S S  ---------------

Threads class SMR info:
_java_thread_list=0x000002597b031dd0, length=19, elements={
0x000002594af90100, 0x000002596a262820, 0x000002596a263540, 0x000002596a2663a0,
0x000002596a267190, 0x000002596a268200, 0x000002596a26b1b0, 0x000002596a2756d0,
0x000002596a29b6b0, 0x000002596a50c850, 0x000002596ae0ff20, 0x000002596a5298c0,
0x000002596f170a00, 0x000002596afdad60, 0x000002596f361e40, 0x000002596f5063b0,
0x000002596fbeb3e0, 0x000002596f8b5e20, 0x000002596f9f9710
}

Java Threads: ( => current thread )
  0x000002594af90100 JavaThread "main"                              [_thread_blocked, id=9008, stack(0x000000df87700000,0x000000df87800000) (1024K)]
  0x000002596a262820 JavaThread "Reference Handler"          daemon [_thread_blocked, id=15968, stack(0x000000df87f00000,0x000000df88000000) (1024K)]
  0x000002596a263540 JavaThread "Finalizer"                  daemon [_thread_blocked, id=20656, stack(0x000000df88000000,0x000000df88100000) (1024K)]
  0x000002596a2663a0 JavaThread "Signal Dispatcher"          daemon [_thread_blocked, id=10816, stack(0x000000df88100000,0x000000df88200000) (1024K)]
  0x000002596a267190 JavaThread "Attach Listener"            daemon [_thread_blocked, id=10860, stack(0x000000df88200000,0x000000df88300000) (1024K)]
  0x000002596a268200 JavaThread "Service Thread"             daemon [_thread_blocked, id=19940, stack(0x000000df88300000,0x000000df88400000) (1024K)]
  0x000002596a26b1b0 JavaThread "Monitor Deflation Thread"   daemon [_thread_blocked, id=6468, stack(0x000000df88400000,0x000000df88500000) (1024K)]
=>0x000002596a2756d0 JavaThread "C2 CompilerThread0"         daemon [_thread_in_native, id=14280, stack(0x000000df88500000,0x000000df88600000) (1024K)]
  0x000002596a29b6b0 JavaThread "C1 CompilerThread0"         daemon [_thread_blocked, id=6360, stack(0x000000df88600000,0x000000df88700000) (1024K)]
  0x000002596a50c850 JavaThread "Common-Cleaner"             daemon [_thread_blocked, id=332, stack(0x000000df88900000,0x000000df88a00000) (1024K)]
  0x000002596ae0ff20 JavaThread "Notification Thread"        daemon [_thread_blocked, id=14552, stack(0x000000df88f00000,0x000000df89000000) (1024K)]
  0x000002596a5298c0 JavaThread "QuantumRenderer-0"          daemon [_thread_blocked, id=7684, stack(0x000000df88c00000,0x000000df88d00000) (1024K)]
  0x000002596f170a00 JavaThread "InvokeLaterDispatcher"      daemon [_thread_blocked, id=10804, stack(0x000000df89000000,0x000000df89100000) (1024K)]
  0x000002596afdad60 JavaThread "JavaFX Application Thread"         [_thread_in_native, id=3600, stack(0x000000df89100000,0x000000df89200000) (1024K)]
  0x000002596f361e40 JavaThread "Thread-1"                   daemon [_thread_in_native, id=10444, stack(0x000000df8a000000,0x000000df8a100000) (1024K)]
  0x000002596f5063b0 JavaThread "JavaFX-Launcher"                   [_thread_blocked, id=10296, stack(0x000000df8a100000,0x000000df8a200000) (1024K)]
  0x000002596fbeb3e0 JavaThread "Prism Font Disposer"        daemon [_thread_blocked, id=21496, stack(0x000000df8a400000,0x000000df8a500000) (1024K)]
  0x000002596f8b5e20 JavaThread "Cleaner-0"                  daemon [_thread_blocked, id=352, stack(0x000000df8ab00000,0x000000df8ac00000) (1024K)]
  0x000002596f9f9710 JavaThread "Keep-Alive-Timer"           daemon [_thread_blocked, id=20356, stack(0x000000df87400000,0x000000df87500000) (1024K)]
Total: 19

Other Threads:
  0x000002596a243d00 VMThread "VM Thread"                           [id=20184, stack(0x000000df87e00000,0x000000df87f00000) (1024K)]
  0x000002596a22b310 WatcherThread "VM Periodic Task Thread"        [id=17768, stack(0x000000df87d00000,0x000000df87e00000) (1024K)]
  0x000002594d11e410 WorkerThread "GC Thread#0"                     [id=14048, stack(0x000000df87800000,0x000000df87900000) (1024K)]
  0x000002596a5bdb80 WorkerThread "GC Thread#1"                     [id=19472, stack(0x000000df88b00000,0x000000df88c00000) (1024K)]
  0x000002596f339e80 WorkerThread "GC Thread#2"                     [id=18260, stack(0x000000df89c00000,0x000000df89d00000) (1024K)]
  0x000002596f33a220 WorkerThread "GC Thread#3"                     [id=10660, stack(0x000000df89d00000,0x000000df89e00000) (1024K)]
  0x000002596f36a360 WorkerThread "GC Thread#4"                     [id=21284, stack(0x000000df89e00000,0x000000df89f00000) (1024K)]
  0x000002596f36a700 WorkerThread "GC Thread#5"                     [id=20928, stack(0x000000df89f00000,0x000000df8a000000) (1024K)]
  0x000002596fc89780 WorkerThread "GC Thread#6"                     [id=21144, stack(0x000000df8a500000,0x000000df8a600000) (1024K)]
  0x000002596fc893e0 WorkerThread "GC Thread#7"                     [id=12016, stack(0x000000df8a600000,0x000000df8a700000) (1024K)]
  0x000002596fc89b20 WorkerThread "GC Thread#8"                     [id=11400, stack(0x000000df8a700000,0x000000df8a800000) (1024K)]
  0x000002596fc881c0 WorkerThread "GC Thread#9"                     [id=11920, stack(0x000000df8a800000,0x000000df8a900000) (1024K)]
  0x000002596fc88560 WorkerThread "GC Thread#10"                    [id=8308, stack(0x000000df8a900000,0x000000df8aa00000) (1024K)]
  0x000002596fc88ca0 WorkerThread "GC Thread#11"                    [id=16744, stack(0x000000df8ae00000,0x000000df8af00000) (1024K)]
  0x000002596a8a9100 WorkerThread "GC Thread#12"                    [id=11448, stack(0x000000df8af00000,0x000000df8b000000) (1024K)]
  0x000002594d12e170 ConcurrentGCThread "G1 Main Marker"            [id=20476, stack(0x000000df87900000,0x000000df87a00000) (1024K)]
  0x000002594d12ee20 WorkerThread "G1 Conc#0"                       [id=9828, stack(0x000000df87a00000,0x000000df87b00000) (1024K)]
  0x000002596a8a7400 WorkerThread "G1 Conc#1"                       [id=20952, stack(0x000000df8b000000,0x000000df8b100000) (1024K)]
  0x000002596a8a7ee0 WorkerThread "G1 Conc#2"                       [id=13444, stack(0x000000df8b100000,0x000000df8b200000) (1024K)]
  0x000002596a100570 ConcurrentGCThread "G1 Refine#0"               [id=2648, stack(0x000000df87b00000,0x000000df87c00000) (1024K)]
  0x000002596a100fe0 ConcurrentGCThread "G1 Service"                [id=3352, stack(0x000000df87c00000,0x000000df87d00000) (1024K)]
Total: 21

Threads with active compile tasks:
C2 CompilerThread0   180003 8849       4       com.sun.javafx.sg.prism.NGRegion::renderBackgroundRectanglesDirectly (346 bytes)
Total: 1

VM state: not at safepoint (normal execution)

VM Mutex/Monitor currently owned by a thread: None

Heap address: 0x0000000089400000, size: 1900 MB, Compressed Oops mode: 32-bit

CDS archive(s) mapped at: [0x0000025900000000-0x0000025900c90000-0x0000025900c90000), size 13172736, SharedBaseAddress: 0x0000025900000000, ArchiveRelocationMode: 1.
Compressed class space mapped at: 0x0000025901000000-0x0000025941000000, reserved size: 1073741824
Narrow klass base: 0x0000025900000000, Narrow klass shift: 0, Narrow klass range: 0x100000000

GC Precious Log:
 CardTable entry size: 512
 Card Set container configuration: InlinePtr #cards 5 size 8 Array Of Cards #cards 12 size 40 Howl #buckets 4 coarsen threshold 1843 Howl Bitmap #cards 512 size 80 coarsen threshold 460 Card regions per heap region 1 cards per card region 2048
 CPUs: 16 total, 16 available
 Memory: 7599M
 Large Page Support: Disabled
 NUMA Support: Disabled
 Compressed Oops: Enabled (32-bit)
 Heap Region Size: 1M
 Heap Min Capacity: 8M
 Heap Initial Capacity: 120M
 Heap Max Capacity: 1900M
 Pre-touch: Disabled
 Parallel Workers: 13
 Concurrent Workers: 3
 Concurrent Refinement Workers: 13
 Periodic GC: Disabled

Heap:
 garbage-first heap   total 251904K, used 178840K [0x0000000089400000, 0x0000000100000000)
  region size 1024K, 99 young (101376K), 1 survivors (1024K)
 Metaspace       used 26792K, committed 27264K, reserved 1114112K
  class space    used 3677K, committed 3904K, reserved 1048576K

Heap Regions: E=young(eden), S=young(survivor), O=old, HS=humongous(starts), HC=humongous(continues), CS=collection set, F=free, TAMS=top-at-mark-start, PB=parsable bottom
|   0|0x0000000089400000, 0x0000000089500000, 0x0000000089500000|100%| O|  |TAMS 0x0000000089400000| PB 0x0000000089400000| Untracked 
|   1|0x0000000089500000, 0x0000000089600000, 0x0000000089600000|100%|HS|  |TAMS 0x0000000089500000| PB 0x0000000089500000| Complete 
|   2|0x0000000089600000, 0x0000000089700000, 0x0000000089700000|100%|HS|  |TAMS 0x0000000089600000| PB 0x0000000089600000| Complete 
|   3|0x0000000089700000, 0x0000000089800000, 0x0000000089800000|100%|HC|  |TAMS 0x0000000089700000| PB 0x0000000089700000| Complete 
|   4|0x0000000089800000, 0x0000000089900000, 0x0000000089900000|100%|HS|  |TAMS 0x0000000089800000| PB 0x0000000089800000| Complete 
|   5|0x0000000089900000, 0x0000000089a00000, 0x0000000089a00000|100%|HS|  |TAMS 0x0000000089900000| PB 0x0000000089900000| Complete 
|   6|0x0000000089a00000, 0x0000000089b00000, 0x0000000089b00000|100%|HC|  |TAMS 0x0000000089a00000| PB 0x0000000089a00000| Complete 
|   7|0x0000000089b00000, 0x0000000089c00000, 0x0000000089c00000|100%| O|  |TAMS 0x0000000089b00000| PB 0x0000000089b00000| Untracked 
|   8|0x0000000089c00000, 0x0000000089d00000, 0x0000000089d00000|100%| O|  |TAMS 0x0000000089c00000| PB 0x0000000089c00000| Untracked 
|   9|0x0000000089d00000, 0x0000000089e00000, 0x0000000089e00000|100%| O|  |TAMS 0x0000000089d00000| PB 0x0000000089d00000| Untracked 
|  10|0x0000000089e00000, 0x0000000089f00000, 0x0000000089f00000|100%| O|  |TAMS 0x0000000089e00000| PB 0x0000000089e00000| Untracked 
|  11|0x0000000089f00000, 0x000000008a000000, 0x000000008a000000|100%| O|  |TAMS 0x0000000089f00000| PB 0x0000000089f00000| Untracked 
|  12|0x000000008a000000, 0x000000008a100000, 0x000000008a100000|100%| O|  |TAMS 0x000000008a000000| PB 0x000000008a000000| Untracked 
|  13|0x000000008a100000, 0x000000008a200000, 0x000000008a200000|100%| O|  |TAMS 0x000000008a100000| PB 0x000000008a100000| Untracked 
|  14|0x000000008a200000, 0x000000008a300000, 0x000000008a300000|100%| O|  |TAMS 0x000000008a200000| PB 0x000000008a200000| Untracked 
|  15|0x000000008a300000, 0x000000008a400000, 0x000000008a400000|100%| O|  |TAMS 0x000000008a300000| PB 0x000000008a300000| Untracked 
|  16|0x000000008a400000, 0x000000008a4eebe0, 0x000000008a500000| 93%| O|  |TAMS 0x000000008a400000| PB 0x000000008a400000| Untracked 
|  17|0x000000008a500000, 0x000000008a600000, 0x000000008a600000|100%|HS|  |TAMS 0x000000008a500000| PB 0x000000008a500000| Complete 
|  18|0x000000008a600000, 0x000000008a700000, 0x000000008a700000|100%|HC|  |TAMS 0x000000008a600000| PB 0x000000008a600000| Complete 
|  19|0x000000008a700000, 0x000000008a800000, 0x000000008a800000|100%|HS|  |TAMS 0x000000008a700000| PB 0x000000008a700000| Complete 
|  20|0x000000008a800000, 0x000000008a900000, 0x000000008a900000|100%| O|  |TAMS 0x000000008a800000| PB 0x000000008a800000| Untracked 
|  21|0x000000008a900000, 0x000000008aa00000, 0x000000008aa00000|100%| O|  |TAMS 0x000000008a900000| PB 0x000000008a900000| Untracked 
|  22|0x000000008aa00000, 0x000000008ab00000, 0x000000008ab00000|100%| O|  |TAMS 0x000000008aa00000| PB 0x000000008aa00000| Untracked 
|  23|0x000000008ab00000, 0x000000008ac00000, 0x000000008ac00000|100%| O|  |TAMS 0x000000008ab00000| PB 0x000000008ab00000| Untracked 
|  24|0x000000008ac00000, 0x000000008ad00000, 0x000000008ad00000|100%| O|  |TAMS 0x000000008ac00000| PB 0x000000008ac00000| Untracked 
|  25|0x000000008ad00000, 0x000000008ae00000, 0x000000008ae00000|100%| O|  |TAMS 0x000000008ad00000| PB 0x000000008ad00000| Untracked 
|  26|0x000000008ae00000, 0x000000008af00000, 0x000000008af00000|100%| O|  |TAMS 0x000000008ae00000| PB 0x000000008ae00000| Untracked 
|  27|0x000000008af00000, 0x000000008b000000, 0x000000008b000000|100%| O|  |TAMS 0x000000008af00000| PB 0x000000008af00000| Untracked 
|  28|0x000000008b000000, 0x000000008b100000, 0x000000008b100000|100%| O|  |TAMS 0x000000008b000000| PB 0x000000008b000000| Untracked 
|  29|0x000000008b100000, 0x000000008b200000, 0x000000008b200000|100%| O|  |TAMS 0x000000008b100000| PB 0x000000008b100000| Untracked 
|  30|0x000000008b200000, 0x000000008b300000, 0x000000008b300000|100%| O|  |TAMS 0x000000008b200000| PB 0x000000008b200000| Untracked 
|  31|0x000000008b300000, 0x000000008b400000, 0x000000008b400000|100%| O|  |TAMS 0x000000008b300000| PB 0x000000008b300000| Untracked 
|  32|0x000000008b400000, 0x000000008b500000, 0x000000008b500000|100%| O|  |TAMS 0x000000008b400000| PB 0x000000008b400000| Untracked 
|  33|0x000000008b500000, 0x000000008b600000, 0x000000008b600000|100%| O|  |TAMS 0x000000008b500000| PB 0x000000008b500000| Untracked 
|  34|0x000000008b600000, 0x000000008b700000, 0x000000008b700000|100%| O|  |TAMS 0x000000008b600000| PB 0x000000008b600000| Untracked 
|  35|0x000000008b700000, 0x000000008b800000, 0x000000008b800000|100%| O|  |TAMS 0x000000008b700000| PB 0x000000008b700000| Untracked 
|  36|0x000000008b800000, 0x000000008b900000, 0x000000008b900000|100%| O|  |TAMS 0x000000008b800000| PB 0x000000008b800000| Untracked 
|  37|0x000000008b900000, 0x000000008ba00000, 0x000000008ba00000|100%|HS|  |TAMS 0x000000008b900000| PB 0x000000008b900000| Complete 
|  38|0x000000008ba00000, 0x000000008bb00000, 0x000000008bb00000|100%| O|  |TAMS 0x000000008ba00000| PB 0x000000008ba00000| Untracked 
|  39|0x000000008bb00000, 0x000000008bc00000, 0x000000008bc00000|100%| O|  |TAMS 0x000000008bb00000| PB 0x000000008bb00000| Untracked 
|  40|0x000000008bc00000, 0x000000008bd00000, 0x000000008bd00000|100%|HS|  |TAMS 0x000000008bc00000| PB 0x000000008bc00000| Complete 
|  41|0x000000008bd00000, 0x000000008be00000, 0x000000008be00000|100%|HC|  |TAMS 0x000000008bd00000| PB 0x000000008bd00000| Complete 
|  42|0x000000008be00000, 0x000000008bf00000, 0x000000008bf00000|100%|HS|  |TAMS 0x000000008be00000| PB 0x000000008be00000| Complete 
|  43|0x000000008bf00000, 0x000000008c000000, 0x000000008c000000|100%|HC|  |TAMS 0x000000008bf00000| PB 0x000000008bf00000| Complete 
|  44|0x000000008c000000, 0x000000008c100000, 0x000000008c100000|100%|HS|  |TAMS 0x000000008c000000| PB 0x000000008c000000| Complete 
|  45|0x000000008c100000, 0x000000008c200000, 0x000000008c200000|100%|HS|  |TAMS 0x000000008c100000| PB 0x000000008c100000| Complete 
|  46|0x000000008c200000, 0x000000008c300000, 0x000000008c300000|100%|HC|  |TAMS 0x000000008c200000| PB 0x000000008c200000| Complete 
|  47|0x000000008c300000, 0x000000008c400000, 0x000000008c400000|100%|HS|  |TAMS 0x000000008c300000| PB 0x000000008c300000| Complete 
|  48|0x000000008c400000, 0x000000008c500000, 0x000000008c500000|100%|HS|  |TAMS 0x000000008c400000| PB 0x000000008c400000| Complete 
|  49|0x000000008c500000, 0x000000008c600000, 0x000000008c600000|100%|HC|  |TAMS 0x000000008c500000| PB 0x000000008c500000| Complete 
|  50|0x000000008c600000, 0x000000008c700000, 0x000000008c700000|100%|HS|  |TAMS 0x000000008c600000| PB 0x000000008c600000| Complete 
|  51|0x000000008c700000, 0x000000008c800000, 0x000000008c800000|100%|HC|  |TAMS 0x000000008c700000| PB 0x000000008c700000| Complete 
|  52|0x000000008c800000, 0x000000008c900000, 0x000000008c900000|100%|HS|  |TAMS 0x000000008c800000| PB 0x000000008c800000| Complete 
|  53|0x000000008c900000, 0x000000008ca00000, 0x000000008ca00000|100%|HC|  |TAMS 0x000000008c900000| PB 0x000000008c900000| Complete 
|  54|0x000000008ca00000, 0x000000008cb00000, 0x000000008cb00000|100%|HS|  |TAMS 0x000000008ca00000| PB 0x000000008ca00000| Complete 
|  55|0x000000008cb00000, 0x000000008cc00000, 0x000000008cc00000|100%|HS|  |TAMS 0x000000008cb00000| PB 0x000000008cb00000| Complete 
|  56|0x000000008cc00000, 0x000000008cd00000, 0x000000008cd00000|100%|HC|  |TAMS 0x000000008cc00000| PB 0x000000008cc00000| Complete 
|  57|0x000000008cd00000, 0x000000008ce00000, 0x000000008ce00000|100%|HS|  |TAMS 0x000000008cd00000| PB 0x000000008cd00000| Complete 
|  58|0x000000008ce00000, 0x000000008cf00000, 0x000000008cf00000|100%|HC|  |TAMS 0x000000008ce00000| PB 0x000000008ce00000| Complete 
|  59|0x000000008cf00000, 0x000000008d000000, 0x000000008d000000|100%|HS|  |TAMS 0x000000008cf00000| PB 0x000000008cf00000| Complete 
|  60|0x000000008d000000, 0x000000008d100000, 0x000000008d100000|100%|HS|  |TAMS 0x000000008d000000| PB 0x000000008d000000| Complete 
|  61|0x000000008d100000, 0x000000008d200000, 0x000000008d200000|100%|HC|  |TAMS 0x000000008d100000| PB 0x000000008d100000| Complete 
|  62|0x000000008d200000, 0x000000008d300000, 0x000000008d300000|100%|HS|  |TAMS 0x000000008d200000| PB 0x000000008d200000| Complete 
|  63|0x000000008d300000, 0x000000008d400000, 0x000000008d400000|100%|HC|  |TAMS 0x000000008d300000| PB 0x000000008d300000| Complete 
|  64|0x000000008d400000, 0x000000008d500000, 0x000000008d500000|100%|HS|  |TAMS 0x000000008d400000| PB 0x000000008d400000| Complete 
|  65|0x000000008d500000, 0x000000008d600000, 0x000000008d600000|100%|HC|  |TAMS 0x000000008d500000| PB 0x000000008d500000| Complete 
|  66|0x000000008d600000, 0x000000008d700000, 0x000000008d700000|100%|HS|  |TAMS 0x000000008d600000| PB 0x000000008d600000| Complete 
|  67|0x000000008d700000, 0x000000008d800000, 0x000000008d800000|100%|HC|  |TAMS 0x000000008d700000| PB 0x000000008d700000| Complete 
|  68|0x000000008d800000, 0x000000008d900000, 0x000000008d900000|100%|HS|  |TAMS 0x000000008d800000| PB 0x000000008d800000| Complete 
|  69|0x000000008d900000, 0x000000008da00000, 0x000000008da00000|100%|HS|  |TAMS 0x000000008d900000| PB 0x000000008d900000| Complete 
|  70|0x000000008da00000, 0x000000008db00000, 0x000000008db00000|100%|HS|  |TAMS 0x000000008da00000| PB 0x000000008da00000| Complete 
|  71|0x000000008db00000, 0x000000008db00000, 0x000000008dc00000|  0%| F|  |TAMS 0x000000008db00000| PB 0x000000008db00000| Untracked 
|  72|0x000000008dc00000, 0x000000008dc00000, 0x000000008dd00000|  0%| F|  |TAMS 0x000000008dc00000| PB 0x000000008dc00000| Untracked 
|  73|0x000000008dd00000, 0x000000008dd00000, 0x000000008de00000|  0%| F|  |TAMS 0x000000008dd00000| PB 0x000000008dd00000| Untracked 
|  74|0x000000008de00000, 0x000000008de00000, 0x000000008df00000|  0%| F|  |TAMS 0x000000008de00000| PB 0x000000008de00000| Untracked 
|  75|0x000000008df00000, 0x000000008df00000, 0x000000008e000000|  0%| F|  |TAMS 0x000000008df00000| PB 0x000000008df00000| Untracked 
|  76|0x000000008e000000, 0x000000008e000000, 0x000000008e100000|  0%| F|  |TAMS 0x000000008e000000| PB 0x000000008e000000| Untracked 
|  77|0x000000008e100000, 0x000000008e100000, 0x000000008e200000|  0%| F|  |TAMS 0x000000008e100000| PB 0x000000008e100000| Untracked 
|  78|0x000000008e200000, 0x000000008e200000, 0x000000008e300000|  0%| F|  |TAMS 0x000000008e200000| PB 0x000000008e200000| Untracked 
|  79|0x000000008e300000, 0x000000008e300000, 0x000000008e400000|  0%| F|  |TAMS 0x000000008e300000| PB 0x000000008e300000| Untracked 
|  80|0x000000008e400000, 0x000000008e400000, 0x000000008e500000|  0%| F|  |TAMS 0x000000008e400000| PB 0x000000008e400000| Untracked 
|  81|0x000000008e500000, 0x000000008e500000, 0x000000008e600000|  0%| F|  |TAMS 0x000000008e500000| PB 0x000000008e500000| Untracked 
|  82|0x000000008e600000, 0x000000008e600000, 0x000000008e700000|  0%| F|  |TAMS 0x000000008e600000| PB 0x000000008e600000| Untracked 
|  83|0x000000008e700000, 0x000000008e700000, 0x000000008e800000|  0%| F|  |TAMS 0x000000008e700000| PB 0x000000008e700000| Untracked 
|  84|0x000000008e800000, 0x000000008e800000, 0x000000008e900000|  0%| F|  |TAMS 0x000000008e800000| PB 0x000000008e800000| Untracked 
|  85|0x000000008e900000, 0x000000008e900000, 0x000000008ea00000|  0%| F|  |TAMS 0x000000008e900000| PB 0x000000008e900000| Untracked 
|  86|0x000000008ea00000, 0x000000008ea00000, 0x000000008eb00000|  0%| F|  |TAMS 0x000000008ea00000| PB 0x000000008ea00000| Untracked 
|  87|0x000000008eb00000, 0x000000008eb00000, 0x000000008ec00000|  0%| F|  |TAMS 0x000000008eb00000| PB 0x000000008eb00000| Untracked 
|  88|0x000000008ec00000, 0x000000008ec00000, 0x000000008ed00000|  0%| F|  |TAMS 0x000000008ec00000| PB 0x000000008ec00000| Untracked 
|  89|0x000000008ed00000, 0x000000008ed00000, 0x000000008ee00000|  0%| F|  |TAMS 0x000000008ed00000| PB 0x000000008ed00000| Untracked 
|  90|0x000000008ee00000, 0x000000008ee00000, 0x000000008ef00000|  0%| F|  |TAMS 0x000000008ee00000| PB 0x000000008ee00000| Untracked 
|  91|0x000000008ef00000, 0x000000008ef00000, 0x000000008f000000|  0%| F|  |TAMS 0x000000008ef00000| PB 0x000000008ef00000| Untracked 
|  92|0x000000008f000000, 0x000000008f000000, 0x000000008f100000|  0%| F|  |TAMS 0x000000008f000000| PB 0x000000008f000000| Untracked 
|  93|0x000000008f100000, 0x000000008f100000, 0x000000008f200000|  0%| F|  |TAMS 0x000000008f100000| PB 0x000000008f100000| Untracked 
|  94|0x000000008f200000, 0x000000008f200000, 0x000000008f300000|  0%| F|  |TAMS 0x000000008f200000| PB 0x000000008f200000| Untracked 
|  95|0x000000008f300000, 0x000000008f300000, 0x000000008f400000|  0%| F|  |TAMS 0x000000008f300000| PB 0x000000008f300000| Untracked 
|  96|0x000000008f400000, 0x000000008f400000, 0x000000008f500000|  0%| F|  |TAMS 0x000000008f400000| PB 0x000000008f400000| Untracked 
|  97|0x000000008f500000, 0x000000008f500000, 0x000000008f600000|  0%| F|  |TAMS 0x000000008f500000| PB 0x000000008f500000| Untracked 
|  98|0x000000008f600000, 0x000000008f600000, 0x000000008f700000|  0%| F|  |TAMS 0x000000008f600000| PB 0x000000008f600000| Untracked 
|  99|0x000000008f700000, 0x000000008f700000, 0x000000008f800000|  0%| F|  |TAMS 0x000000008f700000| PB 0x000000008f700000| Untracked 
| 100|0x000000008f800000, 0x000000008f800000, 0x000000008f900000|  0%| F|  |TAMS 0x000000008f800000| PB 0x000000008f800000| Untracked 
| 101|0x000000008f900000, 0x000000008f900000, 0x000000008fa00000|  0%| F|  |TAMS 0x000000008f900000| PB 0x000000008f900000| Untracked 
| 102|0x000000008fa00000, 0x000000008fa00000, 0x000000008fb00000|  0%| F|  |TAMS 0x000000008fa00000| PB 0x000000008fa00000| Untracked 
| 103|0x000000008fb00000, 0x000000008fb00000, 0x000000008fc00000|  0%| F|  |TAMS 0x000000008fb00000| PB 0x000000008fb00000| Untracked 
| 104|0x000000008fc00000, 0x000000008fc00000, 0x000000008fd00000|  0%| F|  |TAMS 0x000000008fc00000| PB 0x000000008fc00000| Untracked 
| 105|0x000000008fd00000, 0x000000008fd00000, 0x000000008fe00000|  0%| F|  |TAMS 0x000000008fd00000| PB 0x000000008fd00000| Untracked 
| 106|0x000000008fe00000, 0x000000008fe00000, 0x000000008ff00000|  0%| F|  |TAMS 0x000000008fe00000| PB 0x000000008fe00000| Untracked 
| 107|0x000000008ff00000, 0x000000008ff00000, 0x0000000090000000|  0%| F|  |TAMS 0x000000008ff00000| PB 0x000000008ff00000| Untracked 
| 108|0x0000000090000000, 0x0000000090000000, 0x0000000090100000|  0%| F|  |TAMS 0x0000000090000000| PB 0x0000000090000000| Untracked 
| 109|0x0000000090100000, 0x0000000090100000, 0x0000000090200000|  0%| F|  |TAMS 0x0000000090100000| PB 0x0000000090100000| Untracked 
| 110|0x0000000090200000, 0x0000000090200000, 0x0000000090300000|  0%| F|  |TAMS 0x0000000090200000| PB 0x0000000090200000| Untracked 
| 111|0x0000000090300000, 0x0000000090300000, 0x0000000090400000|  0%| F|  |TAMS 0x0000000090300000| PB 0x0000000090300000| Untracked 
| 112|0x0000000090400000, 0x0000000090400000, 0x0000000090500000|  0%| F|  |TAMS 0x0000000090400000| PB 0x0000000090400000| Untracked 
| 113|0x0000000090500000, 0x0000000090500000, 0x0000000090600000|  0%| F|  |TAMS 0x0000000090500000| PB 0x0000000090500000| Untracked 
| 114|0x0000000090600000, 0x000000009065ee10, 0x0000000090700000| 37%| S|CS|TAMS 0x0000000090600000| PB 0x0000000090600000| Complete 
| 115|0x0000000090700000, 0x0000000090700000, 0x0000000090800000|  0%| F|  |TAMS 0x0000000090700000| PB 0x0000000090700000| Untracked 
| 116|0x0000000090800000, 0x0000000090800000, 0x0000000090900000|  0%| F|  |TAMS 0x0000000090800000| PB 0x0000000090800000| Untracked 
| 117|0x0000000090900000, 0x0000000090900000, 0x0000000090a00000|  0%| F|  |TAMS 0x0000000090900000| PB 0x0000000090900000| Untracked 
| 118|0x0000000090a00000, 0x0000000090a00000, 0x0000000090b00000|  0%| F|  |TAMS 0x0000000090a00000| PB 0x0000000090a00000| Untracked 
| 119|0x0000000090b00000, 0x0000000090b00000, 0x0000000090c00000|  0%| F|  |TAMS 0x0000000090b00000| PB 0x0000000090b00000| Untracked 
| 120|0x0000000090c00000, 0x0000000090c00000, 0x0000000090d00000|  0%| F|  |TAMS 0x0000000090c00000| PB 0x0000000090c00000| Untracked 
| 121|0x0000000090d00000, 0x0000000090d00000, 0x0000000090e00000|  0%| F|  |TAMS 0x0000000090d00000| PB 0x0000000090d00000| Untracked 
| 122|0x0000000090e00000, 0x0000000090e00000, 0x0000000090f00000|  0%| F|  |TAMS 0x0000000090e00000| PB 0x0000000090e00000| Untracked 
| 123|0x0000000090f00000, 0x0000000090f00000, 0x0000000091000000|  0%| F|  |TAMS 0x0000000090f00000| PB 0x0000000090f00000| Untracked 
| 124|0x0000000091000000, 0x0000000091000000, 0x0000000091100000|  0%| F|  |TAMS 0x0000000091000000| PB 0x0000000091000000| Untracked 
| 125|0x0000000091100000, 0x0000000091100000, 0x0000000091200000|  0%| F|  |TAMS 0x0000000091100000| PB 0x0000000091100000| Untracked 
| 126|0x0000000091200000, 0x0000000091200000, 0x0000000091300000|  0%| F|  |TAMS 0x0000000091200000| PB 0x0000000091200000| Untracked 
| 127|0x0000000091300000, 0x0000000091300000, 0x0000000091400000|  0%| F|  |TAMS 0x0000000091300000| PB 0x0000000091300000| Untracked 
| 128|0x0000000091400000, 0x0000000091400000, 0x0000000091500000|  0%| F|  |TAMS 0x0000000091400000| PB 0x0000000091400000| Untracked 
| 129|0x0000000091500000, 0x0000000091500000, 0x0000000091600000|  0%| F|  |TAMS 0x0000000091500000| PB 0x0000000091500000| Untracked 
| 130|0x0000000091600000, 0x0000000091600000, 0x0000000091700000|  0%| F|  |TAMS 0x0000000091600000| PB 0x0000000091600000| Untracked 
| 131|0x0000000091700000, 0x0000000091700000, 0x0000000091800000|  0%| F|  |TAMS 0x0000000091700000| PB 0x0000000091700000| Untracked 
| 132|0x0000000091800000, 0x0000000091800000, 0x0000000091900000|  0%| F|  |TAMS 0x0000000091800000| PB 0x0000000091800000| Untracked 
| 133|0x0000000091900000, 0x0000000091900000, 0x0000000091a00000|  0%| F|  |TAMS 0x0000000091900000| PB 0x0000000091900000| Untracked 
| 134|0x0000000091a00000, 0x0000000091a00000, 0x0000000091b00000|  0%| F|  |TAMS 0x0000000091a00000| PB 0x0000000091a00000| Untracked 
| 135|0x0000000091b00000, 0x0000000091b00000, 0x0000000091c00000|  0%| F|  |TAMS 0x0000000091b00000| PB 0x0000000091b00000| Untracked 
| 136|0x0000000091c00000, 0x0000000091c00000, 0x0000000091d00000|  0%| F|  |TAMS 0x0000000091c00000| PB 0x0000000091c00000| Untracked 
| 137|0x0000000091d00000, 0x0000000091d00000, 0x0000000091e00000|  0%| F|  |TAMS 0x0000000091d00000| PB 0x0000000091d00000| Untracked 
| 138|0x0000000091e00000, 0x0000000091e00000, 0x0000000091f00000|  0%| F|  |TAMS 0x0000000091e00000| PB 0x0000000091e00000| Untracked 
| 139|0x0000000091f00000, 0x0000000091f00000, 0x0000000092000000|  0%| F|  |TAMS 0x0000000091f00000| PB 0x0000000091f00000| Untracked 
| 140|0x0000000092000000, 0x0000000092000000, 0x0000000092100000|  0%| F|  |TAMS 0x0000000092000000| PB 0x0000000092000000| Untracked 
| 141|0x0000000092100000, 0x0000000092165968, 0x0000000092200000| 39%| E|  |TAMS 0x0000000092100000| PB 0x0000000092100000| Complete 
| 142|0x0000000092200000, 0x0000000092300000, 0x0000000092300000|100%| E|CS|TAMS 0x0000000092200000| PB 0x0000000092200000| Complete 
| 143|0x0000000092300000, 0x0000000092400000, 0x0000000092400000|100%| E|CS|TAMS 0x0000000092300000| PB 0x0000000092300000| Complete 
| 144|0x0000000092400000, 0x0000000092500000, 0x0000000092500000|100%| E|CS|TAMS 0x0000000092400000| PB 0x0000000092400000| Complete 
| 145|0x0000000092500000, 0x0000000092600000, 0x0000000092600000|100%| E|CS|TAMS 0x0000000092500000| PB 0x0000000092500000| Complete 
| 146|0x0000000092600000, 0x0000000092700000, 0x0000000092700000|100%| E|CS|TAMS 0x0000000092600000| PB 0x0000000092600000| Complete 
| 147|0x0000000092700000, 0x0000000092800000, 0x0000000092800000|100%| E|CS|TAMS 0x0000000092700000| PB 0x0000000092700000| Complete 
| 148|0x0000000092800000, 0x0000000092900000, 0x0000000092900000|100%| E|CS|TAMS 0x0000000092800000| PB 0x0000000092800000| Complete 
| 149|0x0000000092900000, 0x0000000092a00000, 0x0000000092a00000|100%| E|CS|TAMS 0x0000000092900000| PB 0x0000000092900000| Complete 
| 150|0x0000000092a00000, 0x0000000092b00000, 0x0000000092b00000|100%| E|CS|TAMS 0x0000000092a00000| PB 0x0000000092a00000| Complete 
| 151|0x0000000092b00000, 0x0000000092c00000, 0x0000000092c00000|100%| E|CS|TAMS 0x0000000092b00000| PB 0x0000000092b00000| Complete 
| 152|0x0000000092c00000, 0x0000000092d00000, 0x0000000092d00000|100%| E|CS|TAMS 0x0000000092c00000| PB 0x0000000092c00000| Complete 
| 153|0x0000000092d00000, 0x0000000092e00000, 0x0000000092e00000|100%| E|CS|TAMS 0x0000000092d00000| PB 0x0000000092d00000| Complete 
| 154|0x0000000092e00000, 0x0000000092f00000, 0x0000000092f00000|100%| E|CS|TAMS 0x0000000092e00000| PB 0x0000000092e00000| Complete 
| 155|0x0000000092f00000, 0x0000000093000000, 0x0000000093000000|100%| E|CS|TAMS 0x0000000092f00000| PB 0x0000000092f00000| Complete 
| 156|0x0000000093000000, 0x0000000093100000, 0x0000000093100000|100%| E|CS|TAMS 0x0000000093000000| PB 0x0000000093000000| Complete 
| 157|0x0000000093100000, 0x0000000093200000, 0x0000000093200000|100%| E|CS|TAMS 0x0000000093100000| PB 0x0000000093100000| Complete 
| 158|0x0000000093200000, 0x0000000093300000, 0x0000000093300000|100%| E|CS|TAMS 0x0000000093200000| PB 0x0000000093200000| Complete 
| 159|0x0000000093300000, 0x0000000093400000, 0x0000000093400000|100%| E|CS|TAMS 0x0000000093300000| PB 0x0000000093300000| Complete 
| 160|0x0000000093400000, 0x0000000093500000, 0x0000000093500000|100%| E|CS|TAMS 0x0000000093400000| PB 0x0000000093400000| Complete 
| 161|0x0000000093500000, 0x0000000093600000, 0x0000000093600000|100%| E|CS|TAMS 0x0000000093500000| PB 0x0000000093500000| Complete 
| 162|0x0000000093600000, 0x0000000093700000, 0x0000000093700000|100%| E|CS|TAMS 0x0000000093600000| PB 0x0000000093600000| Complete 
| 163|0x0000000093700000, 0x0000000093800000, 0x0000000093800000|100%| E|CS|TAMS 0x0000000093700000| PB 0x0000000093700000| Complete 
| 164|0x0000000093800000, 0x0000000093900000, 0x0000000093900000|100%| E|CS|TAMS 0x0000000093800000| PB 0x0000000093800000| Complete 
| 165|0x0000000093900000, 0x0000000093a00000, 0x0000000093a00000|100%| E|CS|TAMS 0x0000000093900000| PB 0x0000000093900000| Complete 
| 166|0x0000000093a00000, 0x0000000093b00000, 0x0000000093b00000|100%| E|CS|TAMS 0x0000000093a00000| PB 0x0000000093a00000| Complete 
| 167|0x0000000093b00000, 0x0000000093c00000, 0x0000000093c00000|100%| E|CS|TAMS 0x0000000093b00000| PB 0x0000000093b00000| Complete 
| 168|0x0000000093c00000, 0x0000000093d00000, 0x0000000093d00000|100%| E|CS|TAMS 0x0000000093c00000| PB 0x0000000093c00000| Complete 
| 169|0x0000000093d00000, 0x0000000093e00000, 0x0000000093e00000|100%| E|CS|TAMS 0x0000000093d00000| PB 0x0000000093d00000| Complete 
| 170|0x0000000093e00000, 0x0000000093f00000, 0x0000000093f00000|100%| E|CS|TAMS 0x0000000093e00000| PB 0x0000000093e00000| Complete 
| 171|0x0000000093f00000, 0x0000000094000000, 0x0000000094000000|100%| E|CS|TAMS 0x0000000093f00000| PB 0x0000000093f00000| Complete 
| 172|0x0000000094000000, 0x0000000094100000, 0x0000000094100000|100%| E|CS|TAMS 0x0000000094000000| PB 0x0000000094000000| Complete 
| 173|0x0000000094100000, 0x0000000094200000, 0x0000000094200000|100%| E|CS|TAMS 0x0000000094100000| PB 0x0000000094100000| Complete 
| 174|0x0000000094200000, 0x0000000094300000, 0x0000000094300000|100%| E|CS|TAMS 0x0000000094200000| PB 0x0000000094200000| Complete 
| 175|0x0000000094300000, 0x0000000094400000, 0x0000000094400000|100%| E|CS|TAMS 0x0000000094300000| PB 0x0000000094300000| Complete 
| 176|0x0000000094400000, 0x0000000094500000, 0x0000000094500000|100%| E|CS|TAMS 0x0000000094400000| PB 0x0000000094400000| Complete 
| 177|0x0000000094500000, 0x0000000094600000, 0x0000000094600000|100%| E|CS|TAMS 0x0000000094500000| PB 0x0000000094500000| Complete 
| 178|0x0000000094600000, 0x0000000094700000, 0x0000000094700000|100%| E|CS|TAMS 0x0000000094600000| PB 0x0000000094600000| Complete 
| 179|0x0000000094700000, 0x0000000094800000, 0x0000000094800000|100%| E|CS|TAMS 0x0000000094700000| PB 0x0000000094700000| Complete 
| 180|0x0000000094800000, 0x0000000094900000, 0x0000000094900000|100%| E|CS|TAMS 0x0000000094800000| PB 0x0000000094800000| Complete 
| 181|0x0000000094900000, 0x0000000094a00000, 0x0000000094a00000|100%| E|CS|TAMS 0x0000000094900000| PB 0x0000000094900000| Complete 
| 182|0x0000000094a00000, 0x0000000094b00000, 0x0000000094b00000|100%| E|CS|TAMS 0x0000000094a00000| PB 0x0000000094a00000| Complete 
| 183|0x0000000094b00000, 0x0000000094c00000, 0x0000000094c00000|100%| E|CS|TAMS 0x0000000094b00000| PB 0x0000000094b00000| Complete 
| 184|0x0000000094c00000, 0x0000000094d00000, 0x0000000094d00000|100%| E|CS|TAMS 0x0000000094c00000| PB 0x0000000094c00000| Complete 
| 185|0x0000000094d00000, 0x0000000094e00000, 0x0000000094e00000|100%| E|CS|TAMS 0x0000000094d00000| PB 0x0000000094d00000| Complete 
| 186|0x0000000094e00000, 0x0000000094f00000, 0x0000000094f00000|100%| E|CS|TAMS 0x0000000094e00000| PB 0x0000000094e00000| Complete 
| 187|0x0000000094f00000, 0x0000000095000000, 0x0000000095000000|100%| E|CS|TAMS 0x0000000094f00000| PB 0x0000000094f00000| Complete 
| 188|0x0000000095000000, 0x0000000095100000, 0x0000000095100000|100%| E|CS|TAMS 0x0000000095000000| PB 0x0000000095000000| Complete 
| 189|0x0000000095100000, 0x0000000095200000, 0x0000000095200000|100%| E|CS|TAMS 0x0000000095100000| PB 0x0000000095100000| Complete 
| 190|0x0000000095200000, 0x0000000095300000, 0x0000000095300000|100%| E|CS|TAMS 0x0000000095200000| PB 0x0000000095200000| Complete 
| 191|0x0000000095300000, 0x0000000095400000, 0x0000000095400000|100%| E|CS|TAMS 0x0000000095300000| PB 0x0000000095300000| Complete 
| 192|0x0000000095400000, 0x0000000095500000, 0x0000000095500000|100%| E|CS|TAMS 0x0000000095400000| PB 0x0000000095400000| Complete 
| 193|0x0000000095500000, 0x0000000095600000, 0x0000000095600000|100%| E|CS|TAMS 0x0000000095500000| PB 0x0000000095500000| Complete 
| 194|0x0000000095600000, 0x0000000095700000, 0x0000000095700000|100%| E|CS|TAMS 0x0000000095600000| PB 0x0000000095600000| Complete 
| 195|0x0000000095700000, 0x0000000095800000, 0x0000000095800000|100%| E|CS|TAMS 0x0000000095700000| PB 0x0000000095700000| Complete 
| 196|0x0000000095800000, 0x0000000095900000, 0x0000000095900000|100%| E|CS|TAMS 0x0000000095800000| PB 0x0000000095800000| Complete 
| 197|0x0000000095900000, 0x0000000095a00000, 0x0000000095a00000|100%| E|CS|TAMS 0x0000000095900000| PB 0x0000000095900000| Complete 
| 198|0x0000000095a00000, 0x0000000095b00000, 0x0000000095b00000|100%| E|CS|TAMS 0x0000000095a00000| PB 0x0000000095a00000| Complete 
| 199|0x0000000095b00000, 0x0000000095c00000, 0x0000000095c00000|100%| E|CS|TAMS 0x0000000095b00000| PB 0x0000000095b00000| Complete 
| 200|0x0000000095c00000, 0x0000000095d00000, 0x0000000095d00000|100%| E|CS|TAMS 0x0000000095c00000| PB 0x0000000095c00000| Complete 
| 201|0x0000000095d00000, 0x0000000095e00000, 0x0000000095e00000|100%| E|CS|TAMS 0x0000000095d00000| PB 0x0000000095d00000| Complete 
| 202|0x0000000095e00000, 0x0000000095f00000, 0x0000000095f00000|100%| E|CS|TAMS 0x0000000095e00000| PB 0x0000000095e00000| Complete 
| 203|0x0000000095f00000, 0x0000000096000000, 0x0000000096000000|100%| E|CS|TAMS 0x0000000095f00000| PB 0x0000000095f00000| Complete 
| 204|0x0000000096000000, 0x0000000096100000, 0x0000000096100000|100%| E|CS|TAMS 0x0000000096000000| PB 0x0000000096000000| Complete 
| 205|0x0000000096100000, 0x0000000096200000, 0x0000000096200000|100%| E|CS|TAMS 0x0000000096100000| PB 0x0000000096100000| Complete 
| 206|0x0000000096200000, 0x0000000096300000, 0x0000000096300000|100%| E|CS|TAMS 0x0000000096200000| PB 0x0000000096200000| Complete 
| 207|0x0000000096300000, 0x0000000096400000, 0x0000000096400000|100%| E|CS|TAMS 0x0000000096300000| PB 0x0000000096300000| Complete 
| 208|0x0000000096400000, 0x0000000096500000, 0x0000000096500000|100%| E|CS|TAMS 0x0000000096400000| PB 0x0000000096400000| Complete 
| 209|0x0000000096500000, 0x0000000096600000, 0x0000000096600000|100%| E|CS|TAMS 0x0000000096500000| PB 0x0000000096500000| Complete 
| 210|0x0000000096600000, 0x0000000096700000, 0x0000000096700000|100%| E|CS|TAMS 0x0000000096600000| PB 0x0000000096600000| Complete 
| 211|0x0000000096700000, 0x0000000096800000, 0x0000000096800000|100%| E|CS|TAMS 0x0000000096700000| PB 0x0000000096700000| Complete 
| 212|0x0000000096800000, 0x0000000096900000, 0x0000000096900000|100%| E|CS|TAMS 0x0000000096800000| PB 0x0000000096800000| Complete 
| 213|0x0000000096900000, 0x0000000096a00000, 0x0000000096a00000|100%| E|CS|TAMS 0x0000000096900000| PB 0x0000000096900000| Complete 
| 214|0x0000000096a00000, 0x0000000096b00000, 0x0000000096b00000|100%| E|CS|TAMS 0x0000000096a00000| PB 0x0000000096a00000| Complete 
| 215|0x0000000096b00000, 0x0000000096c00000, 0x0000000096c00000|100%| E|CS|TAMS 0x0000000096b00000| PB 0x0000000096b00000| Complete 
| 216|0x0000000096c00000, 0x0000000096d00000, 0x0000000096d00000|100%| E|CS|TAMS 0x0000000096c00000| PB 0x0000000096c00000| Complete 
| 217|0x0000000096d00000, 0x0000000096e00000, 0x0000000096e00000|100%| E|CS|TAMS 0x0000000096d00000| PB 0x0000000096d00000| Complete 
| 218|0x0000000096e00000, 0x0000000096f00000, 0x0000000096f00000|100%| E|CS|TAMS 0x0000000096e00000| PB 0x0000000096e00000| Complete 
| 219|0x0000000096f00000, 0x0000000097000000, 0x0000000097000000|100%| E|CS|TAMS 0x0000000096f00000| PB 0x0000000096f00000| Complete 
| 220|0x0000000097000000, 0x0000000097100000, 0x0000000097100000|100%| E|CS|TAMS 0x0000000097000000| PB 0x0000000097000000| Complete 
| 221|0x0000000097100000, 0x0000000097200000, 0x0000000097200000|100%| E|CS|TAMS 0x0000000097100000| PB 0x0000000097100000| Complete 
| 222|0x0000000097200000, 0x0000000097300000, 0x0000000097300000|100%| E|CS|TAMS 0x0000000097200000| PB 0x0000000097200000| Complete 
| 223|0x0000000097300000, 0x0000000097400000, 0x0000000097400000|100%| E|CS|TAMS 0x0000000097300000| PB 0x0000000097300000| Complete 
| 224|0x0000000097400000, 0x0000000097500000, 0x0000000097500000|100%| E|CS|TAMS 0x0000000097400000| PB 0x0000000097400000| Complete 
| 225|0x0000000097500000, 0x0000000097600000, 0x0000000097600000|100%| E|CS|TAMS 0x0000000097500000| PB 0x0000000097500000| Complete 
| 226|0x0000000097600000, 0x0000000097700000, 0x0000000097700000|100%| E|CS|TAMS 0x0000000097600000| PB 0x0000000097600000| Complete 
| 227|0x0000000097700000, 0x0000000097800000, 0x0000000097800000|100%| E|CS|TAMS 0x0000000097700000| PB 0x0000000097700000| Complete 
| 228|0x0000000097800000, 0x0000000097900000, 0x0000000097900000|100%| E|CS|TAMS 0x0000000097800000| PB 0x0000000097800000| Complete 
| 229|0x0000000097900000, 0x0000000097a00000, 0x0000000097a00000|100%| E|CS|TAMS 0x0000000097900000| PB 0x0000000097900000| Complete 
| 230|0x0000000097a00000, 0x0000000097b00000, 0x0000000097b00000|100%| E|CS|TAMS 0x0000000097a00000| PB 0x0000000097a00000| Complete 
| 231|0x0000000097b00000, 0x0000000097c00000, 0x0000000097c00000|100%| E|CS|TAMS 0x0000000097b00000| PB 0x0000000097b00000| Complete 
| 232|0x0000000097c00000, 0x0000000097d00000, 0x0000000097d00000|100%| E|CS|TAMS 0x0000000097c00000| PB 0x0000000097c00000| Complete 
| 233|0x0000000097d00000, 0x0000000097e00000, 0x0000000097e00000|100%| E|CS|TAMS 0x0000000097d00000| PB 0x0000000097d00000| Complete 
| 234|0x0000000097e00000, 0x0000000097f00000, 0x0000000097f00000|100%| E|CS|TAMS 0x0000000097e00000| PB 0x0000000097e00000| Complete 
| 235|0x0000000097f00000, 0x0000000098000000, 0x0000000098000000|100%| E|CS|TAMS 0x0000000097f00000| PB 0x0000000097f00000| Complete 
| 236|0x0000000098000000, 0x0000000098100000, 0x0000000098100000|100%| E|CS|TAMS 0x0000000098000000| PB 0x0000000098000000| Complete 
| 237|0x0000000098100000, 0x0000000098200000, 0x0000000098200000|100%| E|CS|TAMS 0x0000000098100000| PB 0x0000000098100000| Complete 
|1892|0x00000000ff800000, 0x00000000ff8587c8, 0x00000000ff900000| 34%| O|  |TAMS 0x00000000ff800000| PB 0x00000000ff800000| Untracked 
|1893|0x00000000ff900000, 0x00000000ffa00000, 0x00000000ffa00000|100%| O|  |TAMS 0x00000000ff900000| PB 0x00000000ff900000| Untracked 
|1894|0x00000000ffa00000, 0x00000000ffb00000, 0x00000000ffb00000|100%| O|  |TAMS 0x00000000ffa00000| PB 0x00000000ffa00000| Untracked 
|1895|0x00000000ffb00000, 0x00000000ffc00000, 0x00000000ffc00000|100%| O|  |TAMS 0x00000000ffb00000| PB 0x00000000ffb00000| Untracked 
|1896|0x00000000ffc00000, 0x00000000ffd00000, 0x00000000ffd00000|100%| O|  |TAMS 0x00000000ffc00000| PB 0x00000000ffc00000| Untracked 
|1897|0x00000000ffd00000, 0x00000000ffe00000, 0x00000000ffe00000|100%| E|CS|TAMS 0x00000000ffd00000| PB 0x00000000ffd00000| Complete 
|1898|0x00000000ffe00000, 0x00000000fff00000, 0x00000000fff00000|100%| O|  |TAMS 0x00000000ffe00000| PB 0x00000000ffe00000| Untracked 
|1899|0x00000000fff00000, 0x0000000100000000, 0x0000000100000000|100%| O|  |TAMS 0x00000000fff00000| PB 0x00000000fff00000| Untracked 

Card table byte_map: [0x0000025965170000,0x0000025965530000] _byte_map_base: 0x0000025964d26000

Marking Bits: (CMBitMap*) 0x000002594d11eb10
 Bits: [0x0000025965530000, 0x00000259672e0000)

Polling page: 0x000002594af40000

Metaspace:

Usage:
  Non-class:     22.57 MB used.
      Class:      3.59 MB used.
       Both:     26.16 MB used.

Virtual space:
  Non-class space:       64.00 MB reserved,      22.81 MB ( 36%) committed,  1 nodes.
      Class space:        1.00 GB reserved,       3.81 MB ( <1%) committed,  1 nodes.
             Both:        1.06 GB reserved,      26.62 MB (  2%) committed. 

Chunk freelists:
   Non-Class:  8.30 MB
       Class:  12.10 MB
        Both:  20.39 MB

MaxMetaspaceSize: unlimited
CompressedClassSpaceSize: 1.00 GB
Initial GC threshold: 21.00 MB
Current GC threshold: 44.19 MB
CDS: on
 - commit_granule_bytes: 65536.
 - commit_granule_words: 8192.
 - virtual_space_node_default_size: 8388608.
 - enlarge_chunks_in_place: 1.
 - use_allocation_guard: 0.


Internal statistics:

num_allocs_failed_limit: 3.
num_arena_births: 534.
num_arena_deaths: 0.
num_vsnodes_births: 2.
num_vsnodes_deaths: 0.
num_space_committed: 426.
num_space_uncommitted: 0.
num_chunks_returned_to_freelist: 3.
num_chunks_taken_from_freelist: 1457.
num_chunk_merges: 3.
num_chunk_splits: 996.
num_chunks_enlarged: 704.
num_inconsistent_stats: 0.

CodeHeap 'non-profiled nmethods': size=119168Kb used=5982Kb max_used=6139Kb free=113185Kb
 bounds [0x000002595d0d0000, 0x000002595d6d0000, 0x0000025964530000]
CodeHeap 'profiled nmethods': size=119104Kb used=15293Kb max_used=17984Kb free=103810Kb
 bounds [0x0000025955530000, 0x00000259566d0000, 0x000002595c980000]
CodeHeap 'non-nmethods': size=7488Kb used=1900Kb max_used=3642Kb free=5587Kb
 bounds [0x000002595c980000, 0x000002595cd90000, 0x000002595d0d0000]
 total_blobs=8342 nmethods=7451 adapters=794
 compilation: enabled
              stopped_count=0, restarted_count=0
 full_count=0

Compilation events (20 events):
Event: 175.702 Thread 0x000002596a29b6b0 nmethod 8838 0x00000259555eb990 code [0x00000259555ebb80, 0x00000259555ec018]
Event: 175.703 Thread 0x000002596a29b6b0 8839       3       java.util.ArrayList::removeRange (39 bytes)
Event: 175.703 Thread 0x000002596a29b6b0 nmethod 8839 0x000002595556a410 code [0x000002595556a680, 0x000002595556aeb8]
Event: 178.708 Thread 0x000002596a2756d0 8841       4       java.util.regex.Matcher::checkGroup (41 bytes)
Event: 178.709 Thread 0x000002596a2756d0 nmethod 8841 0x000002595d2c9210 code [0x000002595d2c93a0, 0x000002595d2c9480]
Event: 179.525 Thread 0x000002596a29b6b0 8842       3       javafx.scene.Node$MiscProperties$10::invalidated (110 bytes)
Event: 179.528 Thread 0x000002596a29b6b0 nmethod 8842 0x0000025955d87d90 code [0x0000025955d88140, 0x0000025955d89e50]
Event: 179.557 Thread 0x000002596a2756d0 8843       4       com.sun.javafx.sg.prism.NodeEffectInput::flushTransformedImage (25 bytes)
Event: 179.559 Thread 0x000002596a2756d0 nmethod 8843 0x000002595d32db10 code [0x000002595d32dca0, 0x000002595d32de00]
Event: 179.648 Thread 0x000002596a2756d0 8844   !   4       javafx.scene.Node::containsBounds (115 bytes)
Event: 179.671 Thread 0x000002596a2756d0 nmethod 8844 0x000002595d32be90 code [0x000002595d32c160, 0x000002595d32cf90]
Event: 179.671 Thread 0x000002596a2756d0 8845       4       com.sun.javafx.geom.RectBounds::contains (51 bytes)
Event: 179.673 Thread 0x000002596a2756d0 nmethod 8845 0x000002595d32ba90 code [0x000002595d32bc20, 0x000002595d32bdc8]
Event: 179.701 Thread 0x000002596a2756d0 8846       4       javafx.collections.ListChangeBuilder::findSubChange (84 bytes)
Event: 179.702 Thread 0x000002596a2756d0 nmethod 8846 0x000002595d32b710 code [0x000002595d32b8a0, 0x000002595d32b990]
Event: 179.846 Thread 0x000002596a29b6b0 8847       3       java.util.stream.Collectors$$Lambda/0x000002590107b9a0::accept (14 bytes)
Event: 179.847 Thread 0x000002596a29b6b0 nmethod 8847 0x0000025955a1ce90 code [0x0000025955a1d080, 0x0000025955a1d690]
Event: 179.873 Thread 0x000002596a2756d0 8848       4       java.lang.invoke.LambdaForm$MH/0x00000259013d4800::invoke (63 bytes)
Event: 179.876 Thread 0x000002596a2756d0 nmethod 8848 0x000002595d32b290 code [0x000002595d32b420, 0x000002595d32b530]
Event: 179.876 Thread 0x000002596a2756d0 8849       4       com.sun.javafx.sg.prism.NGRegion::renderBackgroundRectanglesDirectly (346 bytes)

GC Heap History (20 events):
Event: 51.646 GC heap before
{Heap before GC invocations=7 (full 0):
 garbage-first heap   total 83968K, used 69227K [0x0000000089400000, 0x0000000100000000)
  region size 1024K, 37 young (37888K), 6 survivors (6144K)
 Metaspace       used 25598K, committed 25984K, reserved 1114112K
  class space    used 3615K, committed 3776K, reserved 1048576K
}
Event: 51.657 GC heap after
{Heap after GC invocations=8 (full 0):
 garbage-first heap   total 83968K, used 43874K [0x0000000089400000, 0x0000000100000000)
  region size 1024K, 5 young (5120K), 5 survivors (5120K)
 Metaspace       used 25598K, committed 25984K, reserved 1114112K
  class space    used 3615K, committed 3776K, reserved 1048576K
}
Event: 119.962 GC heap before
{Heap before GC invocations=8 (full 0):
 garbage-first heap   total 83968K, used 70498K [0x0000000089400000, 0x0000000100000000)
  region size 1024K, 31 young (31744K), 5 survivors (5120K)
 Metaspace       used 26090K, committed 26432K, reserved 1114112K
  class space    used 3622K, committed 3776K, reserved 1048576K
}
Event: 119.968 GC heap after
{Heap after GC invocations=9 (full 0):
 garbage-first heap   total 83968K, used 45705K [0x0000000089400000, 0x0000000100000000)
  region size 1024K, 2 young (2048K), 2 survivors (2048K)
 Metaspace       used 26090K, committed 26432K, reserved 1114112K
  class space    used 3622K, committed 3776K, reserved 1048576K
}
Event: 142.838 GC heap before
{Heap before GC invocations=10 (full 0):
 garbage-first heap   total 83968K, used 67209K [0x0000000089400000, 0x0000000100000000)
  region size 1024K, 27 young (27648K), 2 survivors (2048K)
 Metaspace       used 26446K, committed 26944K, reserved 1114112K
  class space    used 3656K, committed 3904K, reserved 1048576K
}
Event: 142.844 GC heap after
{Heap after GC invocations=11 (full 0):
 garbage-first heap   total 83968K, used 43670K [0x0000000089400000, 0x0000000100000000)
  region size 1024K, 4 young (4096K), 4 survivors (4096K)
 Metaspace       used 26446K, committed 26944K, reserved 1114112K
  class space    used 3656K, committed 3904K, reserved 1048576K
}
Event: 165.955 GC heap before
{Heap before GC invocations=11 (full 0):
 garbage-first heap   total 86016K, used 84630K [0x0000000089400000, 0x0000000100000000)
  region size 1024K, 29 young (29696K), 4 survivors (4096K)
 Metaspace       used 26685K, committed 27136K, reserved 1114112K
  class space    used 3672K, committed 3904K, reserved 1048576K
}
Event: 165.961 GC heap after
{Heap after GC invocations=12 (full 0):
 garbage-first heap   total 90112K, used 46424K [0x0000000089400000, 0x0000000100000000)
  region size 1024K, 1 young (1024K), 1 survivors (1024K)
 Metaspace       used 26685K, committed 27136K, reserved 1114112K
  class space    used 3672K, committed 3904K, reserved 1048576K
}
Event: 165.985 GC heap before
{Heap before GC invocations=12 (full 0):
 garbage-first heap   total 90112K, used 47448K [0x0000000089400000, 0x0000000100000000)
  region size 1024K, 3 young (3072K), 1 survivors (1024K)
 Metaspace       used 26686K, committed 27136K, reserved 1114112K
  class space    used 3672K, committed 3904K, reserved 1048576K
}
Event: 165.988 GC heap after
{Heap after GC invocations=13 (full 0):
 garbage-first heap   total 90112K, used 44178K [0x0000000089400000, 0x0000000100000000)
  region size 1024K, 1 young (1024K), 1 survivors (1024K)
 Metaspace       used 26686K, committed 27136K, reserved 1114112K
  class space    used 3672K, committed 3904K, reserved 1048576K
}
Event: 166.470 GC heap before
{Heap before GC invocations=14 (full 0):
 garbage-first heap   total 93184K, used 92306K [0x0000000089400000, 0x0000000100000000)
  region size 1024K, 19 young (19456K), 1 survivors (1024K)
 Metaspace       used 26694K, committed 27136K, reserved 1114112K
  class space    used 3672K, committed 3904K, reserved 1048576K
}
Event: 166.474 GC heap after
{Heap after GC invocations=15 (full 0):
 garbage-first heap   total 94208K, used 43126K [0x0000000089400000, 0x0000000100000000)
  region size 1024K, 1 young (1024K), 1 survivors (1024K)
 Metaspace       used 26694K, committed 27136K, reserved 1114112K
  class space    used 3672K, committed 3904K, reserved 1048576K
}
Event: 166.719 GC heap before
{Heap before GC invocations=15 (full 0):
 garbage-first heap   total 94208K, used 93302K [0x0000000089400000, 0x0000000100000000)
  region size 1024K, 21 young (21504K), 1 survivors (1024K)
 Metaspace       used 26709K, committed 27136K, reserved 1114112K
  class space    used 3672K, committed 3904K, reserved 1048576K
}
Event: 166.722 GC heap after
{Heap after GC invocations=16 (full 0):
 garbage-first heap   total 96256K, used 42670K [0x0000000089400000, 0x0000000100000000)
  region size 1024K, 1 young (1024K), 1 survivors (1024K)
 Metaspace       used 26709K, committed 27136K, reserved 1114112K
  class space    used 3672K, committed 3904K, reserved 1048576K
}
Event: 166.731 GC heap before
{Heap before GC invocations=16 (full 0):
 garbage-first heap   total 96256K, used 42670K [0x0000000089400000, 0x0000000100000000)
  region size 1024K, 2 young (2048K), 1 survivors (1024K)
 Metaspace       used 26709K, committed 27136K, reserved 1114112K
  class space    used 3672K, committed 3904K, reserved 1048576K
}
Event: 166.734 GC heap after
{Heap after GC invocations=17 (full 0):
 garbage-first heap   total 96256K, used 42644K [0x0000000089400000, 0x0000000100000000)
  region size 1024K, 1 young (1024K), 1 survivors (1024K)
 Metaspace       used 26709K, committed 27136K, reserved 1114112K
  class space    used 3672K, committed 3904K, reserved 1048576K
}
Event: 166.735 GC heap before
{Heap before GC invocations=17 (full 0):
 garbage-first heap   total 96256K, used 43668K [0x0000000089400000, 0x0000000100000000)
  region size 1024K, 2 young (2048K), 1 survivors (1024K)
 Metaspace       used 26709K, committed 27136K, reserved 1114112K
  class space    used 3672K, committed 3904K, reserved 1048576K
}
Event: 166.737 GC heap after
{Heap after GC invocations=18 (full 0):
 garbage-first heap   total 96256K, used 40614K [0x0000000089400000, 0x0000000100000000)
  region size 1024K, 1 young (1024K), 1 survivors (1024K)
 Metaspace       used 26709K, committed 27136K, reserved 1114112K
  class space    used 3672K, committed 3904K, reserved 1048576K
}
Event: 166.757 GC heap before
{Heap before GC invocations=18 (full 0):
 garbage-first heap   total 96256K, used 43686K [0x0000000089400000, 0x0000000100000000)
  region size 1024K, 3 young (3072K), 1 survivors (1024K)
 Metaspace       used 26709K, committed 27136K, reserved 1114112K
  class space    used 3672K, committed 3904K, reserved 1048576K
}
Event: 166.761 GC heap after
{Heap after GC invocations=19 (full 0):
 garbage-first heap   total 251904K, used 42648K [0x0000000089400000, 0x0000000100000000)
  region size 1024K, 1 young (1024K), 1 survivors (1024K)
 Metaspace       used 26709K, committed 27136K, reserved 1114112K
  class space    used 3672K, committed 3904K, reserved 1048576K
}

Dll operation events (20 events):
Event: 0.743 Loaded shared library C:\Users\mnshr\.openjfx\cache\19.0.2.1+1\amd64\api-ms-win-crt-multibyte-l1-1-0.dll
Event: 0.750 Loaded shared library C:\Users\mnshr\.openjfx\cache\19.0.2.1+1\amd64\api-ms-win-crt-private-l1-1-0.dll
Event: 0.757 Loaded shared library C:\Users\mnshr\.openjfx\cache\19.0.2.1+1\amd64\api-ms-win-crt-process-l1-1-0.dll
Event: 0.762 Loaded shared library C:\Users\mnshr\.openjfx\cache\19.0.2.1+1\amd64\api-ms-win-crt-runtime-l1-1-0.dll
Event: 0.767 Loaded shared library C:\Users\mnshr\.openjfx\cache\19.0.2.1+1\amd64\api-ms-win-crt-stdio-l1-1-0.dll
Event: 0.773 Loaded shared library C:\Users\mnshr\.openjfx\cache\19.0.2.1+1\amd64\api-ms-win-crt-string-l1-1-0.dll
Event: 0.777 Loaded shared library C:\Users\mnshr\.openjfx\cache\19.0.2.1+1\amd64\api-ms-win-crt-time-l1-1-0.dll
Event: 0.782 Loaded shared library C:\Users\mnshr\.openjfx\cache\19.0.2.1+1\amd64\api-ms-win-crt-utility-l1-1-0.dll
Event: 0.803 Loaded shared library C:\Users\mnshr\.openjfx\cache\19.0.2.1+1\amd64\ucrtbase.dll
Event: 0.810 Loaded shared library C:\Users\mnshr\.openjfx\cache\19.0.2.1+1\amd64\vcruntime140.dll
Event: 0.814 Loaded shared library C:\Users\mnshr\.openjfx\cache\19.0.2.1+1\amd64\vcruntime140_1.dll
Event: 0.827 Loaded shared library C:\Users\mnshr\.openjfx\cache\19.0.2.1+1\amd64\msvcp140.dll
Event: 0.831 Loaded shared library C:\Users\mnshr\.openjfx\cache\19.0.2.1+1\amd64\msvcp140_1.dll
Event: 0.838 Loaded shared library C:\Users\mnshr\.openjfx\cache\19.0.2.1+1\amd64\msvcp140_2.dll
Event: 0.905 Loaded shared library C:\Users\mnshr\.openjfx\cache\19.0.2.1+1\amd64\prism_d3d.dll
Event: 0.983 Loaded shared library C:\Users\mnshr\.openjfx\cache\19.0.2.1+1\amd64\glass.dll
Event: 1.194 Loaded shared library C:\Program Files\Java\jdk-21\bin\management.dll
Event: 1.199 Loaded shared library C:\Program Files\Java\jdk-21\bin\management_ext.dll
Event: 1.223 Loaded shared library C:\Program Files\Java\jdk-21\bin\jimage.dll
Event: 1.982 Loaded shared library C:\Users\mnshr\.openjfx\cache\19.0.2.1+1\amd64\javafx_font.dll

Deoptimization events (20 events):
Event: 166.727 Thread 0x000002596afdad60 Uncommon trap: trap_request=0xffffff45 fr.pc=0x000002595d370c74 relative=0x0000000000003314
Event: 166.727 Thread 0x000002596afdad60 Uncommon trap: reason=unstable_if action=reinterpret pc=0x000002595d370c74 method=com.sun.javafx.text.PrismTextLayout.layout()V @ 341 c2
Event: 166.727 Thread 0x000002596afdad60 DEOPT PACKING pc=0x000002595d370c74 sp=0x000000df891fd5f0
Event: 166.727 Thread 0x000002596afdad60 DEOPT UNPACKING pc=0x000002595c9d46a2 sp=0x000000df891fd520 mode 2
Event: 169.347 Thread 0x000002596a5298c0 Uncommon trap: trap_request=0xffffff45 fr.pc=0x000002595d4e5348 relative=0x00000000000019e8
Event: 169.347 Thread 0x000002596a5298c0 Uncommon trap: reason=unstable_if action=reinterpret pc=0x000002595d4e5348 method=com.sun.javafx.sg.prism.NGRegion.renderBackgroundRectanglesDirectly(Lcom/sun/prism/Graphics;FF)V @ 103 c2
Event: 169.347 Thread 0x000002596a5298c0 DEOPT PACKING pc=0x000002595d4e5348 sp=0x000000df88cfd030
Event: 169.347 Thread 0x000002596a5298c0 DEOPT UNPACKING pc=0x000002595c9d46a2 sp=0x000000df88cfcfb8 mode 2
Event: 169.359 Thread 0x000002596afdad60 Uncommon trap: trap_request=0xffffff45 fr.pc=0x000002595d59e12c relative=0x000000000000258c
Event: 169.359 Thread 0x000002596afdad60 Uncommon trap: reason=unstable_if action=reinterpret pc=0x000002595d59e12c method=javafx.scene.Parent.updateCachedBounds(Ljava/util/List;I)Z @ 44 c2
Event: 169.359 Thread 0x000002596afdad60 DEOPT PACKING pc=0x000002595d59e12c sp=0x000000df891fe030
Event: 169.359 Thread 0x000002596afdad60 DEOPT UNPACKING pc=0x000002595c9d46a2 sp=0x000000df891fdfb0 mode 2
Event: 171.349 Thread 0x000002596afdad60 Uncommon trap: trap_request=0xffffff45 fr.pc=0x000002595d20a2fc relative=0x000000000000023c
Event: 171.349 Thread 0x000002596afdad60 Uncommon trap: reason=unstable_if action=reinterpret pc=0x000002595d20a2fc method=jdk.internal.org.objectweb.asm.Frame.push(I)V @ 26 c2
Event: 171.349 Thread 0x000002596afdad60 DEOPT PACKING pc=0x000002595d20a2fc sp=0x000000df891fc970
Event: 171.349 Thread 0x000002596afdad60 DEOPT UNPACKING pc=0x000002595c9d46a2 sp=0x000000df891fc918 mode 2
Event: 171.365 Thread 0x000002596afdad60 Uncommon trap: trap_request=0xffffff45 fr.pc=0x000002595d5d7618 relative=0x00000000000039b8
Event: 171.365 Thread 0x000002596afdad60 Uncommon trap: reason=unstable_if action=reinterpret pc=0x000002595d5d7618 method=com.sun.javafx.sg.prism.NGNode.setTransformMatrix(Lcom/sun/javafx/geom/transform/BaseTransform;)V @ 28 c2
Event: 171.365 Thread 0x000002596afdad60 DEOPT PACKING pc=0x000002595d5d7618 sp=0x000000df891fe690
Event: 171.365 Thread 0x000002596afdad60 DEOPT UNPACKING pc=0x000002595c9d46a2 sp=0x000000df891fe620 mode 2

Classes loaded (20 events):
Event: 123.961 Loading class sun/util/logging/resources/logging_en_IN
Event: 123.961 Loading class sun/util/logging/resources/logging_en_IN done
Event: 123.961 Loading class sun/util/logging/resources/logging_en_IN
Event: 123.961 Loading class sun/util/logging/resources/logging_en_IN done
Event: 123.962 Loading class java/util/Formatter$DateTime
Event: 123.962 Loading class java/util/Formatter$DateTime done
Event: 123.962 Loading class java/time/ZonedDateTime$1
Event: 123.962 Loading class java/time/ZonedDateTime$1 done
Event: 158.557 Loading class java/util/Spliterators$IntArraySpliterator
Event: 158.558 Loading class java/util/Spliterators$IntArraySpliterator done
Event: 158.560 Loading class java/util/stream/Nodes$IntSpinedNodeBuilder
Event: 158.561 Loading class java/util/stream/Node$Builder$OfInt
Event: 158.561 Loading class java/util/stream/Node$Builder$OfInt done
Event: 158.561 Loading class java/util/stream/SpinedBuffer$OfInt
Event: 158.562 Loading class java/util/stream/SpinedBuffer$OfPrimitive
Event: 158.562 Loading class java/util/stream/AbstractSpinedBuffer
Event: 158.562 Loading class java/util/stream/AbstractSpinedBuffer done
Event: 158.563 Loading class java/util/stream/SpinedBuffer$OfPrimitive done
Event: 158.563 Loading class java/util/stream/SpinedBuffer$OfInt done
Event: 158.563 Loading class java/util/stream/Nodes$IntSpinedNodeBuilder done

Classes unloaded (0 events):
No events

Classes redefined (0 events):
No events

Internal exceptions (20 events):
Event: 51.545 Thread 0x000002596a5298c0 Implicit null exception at 0x000002595d477975 to 0x000002595d479b88
Event: 69.122 Thread 0x000002596afdad60 Implicit null exception at 0x000002595d516ddc to 0x000002595d51d96c
Event: 69.130 Thread 0x000002596afdad60 Implicit null exception at 0x000002595d485b8c to 0x000002595d48dacc
Event: 69.130 Thread 0x000002596afdad60 Implicit null exception at 0x000002595d3205b0 to 0x000002595d3290ac
Event: 100.857 Thread 0x000002596afdad60 Implicit null exception at 0x000002595d5b9762 to 0x000002595d5bb2b4
Event: 119.972 Thread 0x000002596a5298c0 Implicit null exception at 0x000002595d540bba to 0x000002595d540c4c
Event: 123.953 Thread 0x000002596afdad60 Exception <a 'sun/nio/fs/WindowsException'{0x0000000090658938}> (0x0000000090658938) 
thrown [s\open\src\hotspot\share\prims\jni.cpp, line 520]
Event: 123.961 Thread 0x000002596afdad60 Exception <a 'java/lang/ClassNotFoundException'{0x000000009067e7f8}: sun/util/logging/resources/spi/loggingProvider> (0x000000009067e7f8) 
thrown [s\open\src\hotspot\share\classfile\systemDictionary.cpp, line 312]
Event: 128.025 Thread 0x000002596afdad60 Implicit null exception at 0x000002595d4192be to 0x000002595d41a458
Event: 128.031 Thread 0x000002596afdad60 Implicit null exception at 0x000002595d417b65 to 0x000002595d41833c
Event: 134.681 Thread 0x000002596afdad60 Implicit null exception at 0x000002595d55bf78 to 0x000002595d565640
Event: 134.681 Thread 0x000002596afdad60 Implicit null exception at 0x000002595d2b8fe2 to 0x000002595d2babf4
Event: 134.681 Thread 0x000002596afdad60 Implicit null exception at 0x000002595d61bc9d to 0x000002595d621d48
Event: 142.362 Thread 0x000002596afdad60 Exception <a 'java/io/FileNotFoundException'{0x000000008d955d30}> (0x000000008d955d30) 
thrown [s\open\src\hotspot\share\prims\jni.cpp, line 520]
Event: 142.364 Thread 0x000002596afdad60 Exception <a 'java/io/FileNotFoundException'{0x000000008d95ee68}> (0x000000008d95ee68) 
thrown [s\open\src\hotspot\share\prims\jni.cpp, line 520]
Event: 148.390 Thread 0x000002596afdad60 Exception <a 'java/lang/NoSuchMethodError'{0x000000008d52f588}: 'java.lang.Object java.lang.invoke.DirectMethodHandle$Holder.newInvokeSpecial(java.lang.Object, java.lang.Object, int, int, int, int, int, java.lang.Object)'> (0x000000008d52f588) 
thrown [s\open\src\hotspot\share\interpreter\linkResolver.cpp, line 773]
Event: 148.393 Thread 0x000002596afdad60 Exception <a 'java/lang/NoSuchMethodError'{0x000000008d5419a8}: 'java.lang.Object java.lang.invoke.DirectMethodHandle$Holder.newInvokeSpecial(java.lang.Object, java.lang.Object, java.lang.Object, int, int, int, int, int)'> (0x000000008d5419a8) 
thrown [s\open\src\hotspot\share\interpreter\linkResolver.cpp, line 773]
Event: 148.395 Thread 0x000002596afdad60 Exception <a 'java/lang/NoSuchMethodError'{0x000000008d5494f8}: 'java.lang.Object java.lang.invoke.Invokers$Holder.linkToTargetMethod(java.lang.Object, java.lang.Object, int, int, int, int, int, java.lang.Object)'> (0x000000008d5494f8) 
thrown [s\open\src\hotspot\share\interpreter\linkResolver.cpp, line 773]
Event: 169.359 Thread 0x000002596afdad60 Implicit null exception at 0x000002595d59bc58 to 0x000002595d59e118
Event: 171.350 Thread 0x000002596afdad60 Exception <a 'java/lang/NoSuchMethodError'{0x0000000092bb8a80}: 'java.lang.Object java.lang.invoke.DirectMethodHandle$Holder.newInvokeSpecial(java.lang.Object, java.lang.Object, java.lang.Object, double, double, double, double, int, int, int, int, int, int, int, int, int)'> (0x0000000092bb8a80) 
thrown [s\open\src\hotspot\share\interpreter\linkResolver.cpp, line 773]

ZGC Phase Switch (0 events):
No events

VM Operations (20 events):
Event: 166.719 Executing VM operation: G1CollectForAllocation (G1 Evacuation Pause)
Event: 166.722 Executing VM operation: G1CollectForAllocation (G1 Evacuation Pause) done
Event: 166.731 Executing VM operation: G1TryInitiateConcMark (G1 Humongous Allocation)
Event: 166.734 Executing VM operation: G1TryInitiateConcMark (G1 Humongous Allocation) done
Event: 166.735 Executing VM operation: G1TryInitiateConcMark (G1 Humongous Allocation)
Event: 166.737 Executing VM operation: G1TryInitiateConcMark (G1 Humongous Allocation) done
Event: 166.757 Executing VM operation: G1TryInitiateConcMark (G1 Humongous Allocation)
Event: 166.761 Executing VM operation: G1TryInitiateConcMark (G1 Humongous Allocation) done
Event: 167.761 Executing VM operation: Cleanup
Event: 167.761 Executing VM operation: Cleanup done
Event: 168.761 Executing VM operation: Cleanup
Event: 168.761 Executing VM operation: Cleanup done
Event: 169.762 Executing VM operation: Cleanup
Event: 169.762 Executing VM operation: Cleanup done
Event: 174.764 Executing VM operation: Cleanup
Event: 174.764 Executing VM operation: Cleanup done
Event: 176.765 Executing VM operation: Cleanup
Event: 176.765 Executing VM operation: Cleanup done
Event: 179.767 Executing VM operation: Cleanup
Event: 179.767 Executing VM operation: Cleanup done

Events (20 events):
Event: 166.069 Thread 0x000002596a243d00 flushing nmethod 0x000002595d258690
Event: 166.069 Thread 0x000002596a243d00 flushing nmethod 0x000002595d250790
Event: 166.069 Thread 0x000002596a243d00 flushing nmethod 0x000002595d224590
Event: 166.069 Thread 0x000002596a243d00 flushing nmethod 0x000002595d243a10
Event: 166.069 Thread 0x000002596a243d00 flushing nmethod 0x000002595d239210
Event: 166.069 Thread 0x000002596a243d00 flushing nmethod 0x000002595d23fc90
Event: 166.069 Thread 0x000002596a243d00 flushing nmethod 0x000002595d22cc90
Event: 166.069 Thread 0x000002596a243d00 flushing nmethod 0x000002595d22bd90
Event: 166.069 Thread 0x000002596a243d00 flushing nmethod 0x000002595d1c0210
Event: 166.069 Thread 0x000002596a243d00 flushing nmethod 0x000002595d162310
Event: 166.069 Thread 0x000002596a243d00 flushing nmethod 0x000002595d145110
Event: 166.069 Thread 0x000002596a243d00 flushing nmethod 0x000002595d109d90
Event: 166.327 Thread 0x000002596fbe37d0 Thread exited: 0x000002596fbe37d0
Event: 166.350 Thread 0x000002596fbe60b0 Thread added: 0x000002596fbe60b0
Event: 166.350 Thread 0x000002596fbe37d0 Thread added: 0x000002596fbe37d0
Event: 166.350 Thread 0x000002596fbe3ea0 Thread added: 0x000002596fbe3ea0
Event: 167.573 Thread 0x000002596fbe3ea0 Thread exited: 0x000002596fbe3ea0
Event: 167.580 Thread 0x000002596fbe37d0 Thread exited: 0x000002596fbe37d0
Event: 168.405 Thread 0x000002596fbe60b0 Thread exited: 0x000002596fbe60b0
Event: 171.351 Thread 0x000002596fbe6e50 Thread exited: 0x000002596fbe6e50


Dynamic libraries:
0x00007ff71ebb0000 - 0x00007ff71ebc0000 	C:\Program Files\Java\jdk-21\bin\java.exe
0x00007ffbd1310000 - 0x00007ffbd1526000 	C:\WINDOWS\SYSTEM32\ntdll.dll
0x00007ffbcf890000 - 0x00007ffbcf954000 	C:\WINDOWS\System32\KERNEL32.DLL
0x00007ffbce920000 - 0x00007ffbcecc7000 	C:\WINDOWS\System32\KERNELBASE.dll
0x00007ffbce660000 - 0x00007ffbce771000 	C:\WINDOWS\System32\ucrtbase.dll
0x00007ffbc9b80000 - 0x00007ffbc9b9b000 	C:\Program Files\Java\jdk-21\bin\VCRUNTIME140.dll
0x00007ffbc9ba0000 - 0x00007ffbc9bb9000 	C:\Program Files\Java\jdk-21\bin\jli.dll
0x00007ffbcf0b0000 - 0x00007ffbcf162000 	C:\WINDOWS\System32\ADVAPI32.dll
0x00007ffbcf170000 - 0x00007ffbcf217000 	C:\WINDOWS\System32\msvcrt.dll
0x00007ffbd02c0000 - 0x00007ffbd0368000 	C:\WINDOWS\System32\sechost.dll
0x00007ffbce630000 - 0x00007ffbce658000 	C:\WINDOWS\System32\bcrypt.dll
0x00007ffbcfe60000 - 0x00007ffbcff75000 	C:\WINDOWS\System32\RPCRT4.dll
0x00007ffbd00f0000 - 0x00007ffbd029e000 	C:\WINDOWS\System32\USER32.dll
0x00007ffbce780000 - 0x00007ffbce7a6000 	C:\WINDOWS\System32\win32u.dll
0x00007ffbc6d90000 - 0x00007ffbc7023000 	C:\WINDOWS\WinSxS\amd64_microsoft.windows.common-controls_6595b64144ccf1df_6.0.22621.3235_none_270f74e173860f98\COMCTL32.dll
0x00007ffbd1050000 - 0x00007ffbd1079000 	C:\WINDOWS\System32\GDI32.dll
0x00007ffbced90000 - 0x00007ffbceea9000 	C:\WINDOWS\System32\gdi32full.dll
0x00007ffbcefa0000 - 0x00007ffbcf03a000 	C:\WINDOWS\System32\msvcp_win.dll
0x00007ffbc6690000 - 0x00007ffbc669a000 	C:\WINDOWS\SYSTEM32\VERSION.dll
0x00007ffbd1290000 - 0x00007ffbd12c1000 	C:\WINDOWS\System32\IMM32.DLL
0x00007ffbc3df0000 - 0x00007ffbc3dfc000 	C:\Program Files\Java\jdk-21\bin\vcruntime140_1.dll
0x00007ffbaeb10000 - 0x00007ffbaeb9e000 	C:\Program Files\Java\jdk-21\bin\msvcp140.dll
0x00007ffb82a80000 - 0x00007ffb83797000 	C:\Program Files\Java\jdk-21\bin\server\jvm.dll
0x00007ffbcff80000 - 0x00007ffbcfff1000 	C:\WINDOWS\System32\WS2_32.dll
0x00007ffbcd4a0000 - 0x00007ffbcd4ed000 	C:\WINDOWS\SYSTEM32\POWRPROF.dll
0x00007ffbc55d0000 - 0x00007ffbc5604000 	C:\WINDOWS\SYSTEM32\WINMM.dll
0x00007ffbcd480000 - 0x00007ffbcd493000 	C:\WINDOWS\SYSTEM32\UMPDC.dll
0x00007ffbcd730000 - 0x00007ffbcd748000 	C:\WINDOWS\SYSTEM32\kernel.appcore.dll
0x00007ffbc3de0000 - 0x00007ffbc3dea000 	C:\Program Files\Java\jdk-21\bin\jimage.dll
0x00007ffbcbf70000 - 0x00007ffbcc1a3000 	C:\WINDOWS\SYSTEM32\DBGHELP.DLL
0x00007ffbd0370000 - 0x00007ffbd06f8000 	C:\WINDOWS\System32\combase.dll
0x00007ffbd0010000 - 0x00007ffbd00e7000 	C:\WINDOWS\System32\OLEAUT32.dll
0x00007ffbc25b0000 - 0x00007ffbc25e2000 	C:\WINDOWS\SYSTEM32\dbgcore.DLL
0x00007ffbceeb0000 - 0x00007ffbcef29000 	C:\WINDOWS\System32\bcryptPrimitives.dll
0x00007ffbaeaf0000 - 0x00007ffbaeb0f000 	C:\Program Files\Java\jdk-21\bin\java.dll
0x00007ffbd0770000 - 0x00007ffbd0fcc000 	C:\WINDOWS\System32\SHELL32.dll
0x00007ffbcc550000 - 0x00007ffbcce49000 	C:\WINDOWS\SYSTEM32\windows.storage.dll
0x00007ffbcc410000 - 0x00007ffbcc54e000 	C:\WINDOWS\SYSTEM32\wintypes.dll
0x00007ffbcf440000 - 0x00007ffbcf533000 	C:\WINDOWS\System32\SHCORE.dll
0x00007ffbcf3e0000 - 0x00007ffbcf43e000 	C:\WINDOWS\System32\shlwapi.dll
0x00007ffbce560000 - 0x00007ffbce581000 	C:\WINDOWS\SYSTEM32\profapi.dll
0x00007ffbaea10000 - 0x00007ffbaeae7000 	C:\Program Files\Java\jdk-21\bin\jsvml.dll
0x00007ffbc9bd0000 - 0x00007ffbc9be0000 	C:\Program Files\Java\jdk-21\bin\net.dll
0x00007ffbc8d60000 - 0x00007ffbc8e96000 	C:\WINDOWS\SYSTEM32\WINHTTP.dll
0x00007ffbcdbd0000 - 0x00007ffbcdc39000 	C:\WINDOWS\system32\mswsock.dll
0x00007ffbae9f0000 - 0x00007ffbaea06000 	C:\Program Files\Java\jdk-21\bin\nio.dll
0x00007ffbae9d0000 - 0x00007ffbae9e8000 	C:\Program Files\Java\jdk-21\bin\zip.dll
0x000002596afe0000 - 0x000002596afe3000 	C:\Users\mnshr\.openjfx\cache\19.0.2.1+1\amd64\api-ms-win-core-console-l1-1-0.dll
0x000002596aff0000 - 0x000002596aff3000 	C:\Users\mnshr\.openjfx\cache\19.0.2.1+1\amd64\api-ms-win-core-console-l1-2-0.dll
0x000002596ffd0000 - 0x000002596ffd3000 	C:\Users\mnshr\.openjfx\cache\19.0.2.1+1\amd64\api-ms-win-core-datetime-l1-1-0.dll
0x000002596ffe0000 - 0x000002596ffe3000 	C:\Users\mnshr\.openjfx\cache\19.0.2.1+1\amd64\api-ms-win-core-debug-l1-1-0.dll
0x000002596fff0000 - 0x000002596fff3000 	C:\Users\mnshr\.openjfx\cache\19.0.2.1+1\amd64\api-ms-win-core-errorhandling-l1-1-0.dll
0x0000025970000000 - 0x0000025970004000 	C:\Users\mnshr\.openjfx\cache\19.0.2.1+1\amd64\api-ms-win-core-file-l1-1-0.dll
0x0000025970010000 - 0x0000025970013000 	C:\Users\mnshr\.openjfx\cache\19.0.2.1+1\amd64\api-ms-win-core-file-l1-2-0.dll
0x0000025970020000 - 0x0000025970023000 	C:\Users\mnshr\.openjfx\cache\19.0.2.1+1\amd64\api-ms-win-core-file-l2-1-0.dll
0x0000025970030000 - 0x0000025970033000 	C:\Users\mnshr\.openjfx\cache\19.0.2.1+1\amd64\api-ms-win-core-handle-l1-1-0.dll
0x0000025970040000 - 0x0000025970043000 	C:\Users\mnshr\.openjfx\cache\19.0.2.1+1\amd64\api-ms-win-core-heap-l1-1-0.dll
0x0000025970050000 - 0x0000025970053000 	C:\Users\mnshr\.openjfx\cache\19.0.2.1+1\amd64\api-ms-win-core-interlocked-l1-1-0.dll
0x0000025970060000 - 0x0000025970063000 	C:\Users\mnshr\.openjfx\cache\19.0.2.1+1\amd64\api-ms-win-core-libraryloader-l1-1-0.dll
0x0000025970070000 - 0x0000025970073000 	C:\Users\mnshr\.openjfx\cache\19.0.2.1+1\amd64\api-ms-win-core-localization-l1-2-0.dll
0x0000025970080000 - 0x0000025970083000 	C:\Users\mnshr\.openjfx\cache\19.0.2.1+1\amd64\api-ms-win-core-memory-l1-1-0.dll
0x0000025970090000 - 0x0000025970093000 	C:\Users\mnshr\.openjfx\cache\19.0.2.1+1\amd64\api-ms-win-core-namedpipe-l1-1-0.dll
0x00000259700a0000 - 0x00000259700a3000 	C:\Users\mnshr\.openjfx\cache\19.0.2.1+1\amd64\api-ms-win-core-processenvironment-l1-1-0.dll
0x00000259700b0000 - 0x00000259700b3000 	C:\Users\mnshr\.openjfx\cache\19.0.2.1+1\amd64\api-ms-win-core-processthreads-l1-1-0.dll
0x00000259700c0000 - 0x00000259700c3000 	C:\Users\mnshr\.openjfx\cache\19.0.2.1+1\amd64\api-ms-win-core-processthreads-l1-1-1.dll
0x00000259700d0000 - 0x00000259700d3000 	C:\Users\mnshr\.openjfx\cache\19.0.2.1+1\amd64\api-ms-win-core-profile-l1-1-0.dll
0x00000259700e0000 - 0x00000259700e3000 	C:\Users\mnshr\.openjfx\cache\19.0.2.1+1\amd64\api-ms-win-core-rtlsupport-l1-1-0.dll
0x00000259700f0000 - 0x00000259700f3000 	C:\Users\mnshr\.openjfx\cache\19.0.2.1+1\amd64\api-ms-win-core-string-l1-1-0.dll
0x0000025970100000 - 0x0000025970103000 	C:\Users\mnshr\.openjfx\cache\19.0.2.1+1\amd64\api-ms-win-core-synch-l1-1-0.dll
0x0000025970110000 - 0x0000025970113000 	C:\Users\mnshr\.openjfx\cache\19.0.2.1+1\amd64\api-ms-win-core-synch-l1-2-0.dll
0x0000025970120000 - 0x0000025970123000 	C:\Users\mnshr\.openjfx\cache\19.0.2.1+1\amd64\api-ms-win-core-sysinfo-l1-1-0.dll
0x0000025970130000 - 0x0000025970133000 	C:\Users\mnshr\.openjfx\cache\19.0.2.1+1\amd64\api-ms-win-core-timezone-l1-1-0.dll
0x0000025970140000 - 0x0000025970143000 	C:\Users\mnshr\.openjfx\cache\19.0.2.1+1\amd64\api-ms-win-core-util-l1-1-0.dll
0x0000025970150000 - 0x0000025970153000 	C:\Users\mnshr\.openjfx\cache\19.0.2.1+1\amd64\api-ms-win-crt-conio-l1-1-0.dll
0x0000025970160000 - 0x0000025970164000 	C:\Users\mnshr\.openjfx\cache\19.0.2.1+1\amd64\api-ms-win-crt-convert-l1-1-0.dll
0x0000025970170000 - 0x0000025970173000 	C:\Users\mnshr\.openjfx\cache\19.0.2.1+1\amd64\api-ms-win-crt-environment-l1-1-0.dll
0x0000025970180000 - 0x0000025970183000 	C:\Users\mnshr\.openjfx\cache\19.0.2.1+1\amd64\api-ms-win-crt-filesystem-l1-1-0.dll
0x0000025970190000 - 0x0000025970193000 	C:\Users\mnshr\.openjfx\cache\19.0.2.1+1\amd64\api-ms-win-crt-heap-l1-1-0.dll
0x00000259701a0000 - 0x00000259701a3000 	C:\Users\mnshr\.openjfx\cache\19.0.2.1+1\amd64\api-ms-win-crt-locale-l1-1-0.dll
0x00000259701b0000 - 0x00000259701b5000 	C:\Users\mnshr\.openjfx\cache\19.0.2.1+1\amd64\api-ms-win-crt-math-l1-1-0.dll
0x00000259701c0000 - 0x00000259701c5000 	C:\Users\mnshr\.openjfx\cache\19.0.2.1+1\amd64\api-ms-win-crt-multibyte-l1-1-0.dll
0x00000259701d0000 - 0x00000259701e0000 	C:\Users\mnshr\.openjfx\cache\19.0.2.1+1\amd64\api-ms-win-crt-private-l1-1-0.dll
0x00000259701e0000 - 0x00000259701e3000 	C:\Users\mnshr\.openjfx\cache\19.0.2.1+1\amd64\api-ms-win-crt-process-l1-1-0.dll
0x00000259701f0000 - 0x00000259701f4000 	C:\Users\mnshr\.openjfx\cache\19.0.2.1+1\amd64\api-ms-win-crt-runtime-l1-1-0.dll
0x0000025970200000 - 0x0000025970204000 	C:\Users\mnshr\.openjfx\cache\19.0.2.1+1\amd64\api-ms-win-crt-stdio-l1-1-0.dll
0x0000025970210000 - 0x0000025970214000 	C:\Users\mnshr\.openjfx\cache\19.0.2.1+1\amd64\api-ms-win-crt-string-l1-1-0.dll
0x0000025970220000 - 0x0000025970223000 	C:\Users\mnshr\.openjfx\cache\19.0.2.1+1\amd64\api-ms-win-crt-time-l1-1-0.dll
0x0000025970230000 - 0x0000025970233000 	C:\Users\mnshr\.openjfx\cache\19.0.2.1+1\amd64\api-ms-win-crt-utility-l1-1-0.dll
0x00007ffbae7c0000 - 0x00007ffbae8bc000 	C:\Users\mnshr\.openjfx\cache\19.0.2.1+1\amd64\ucrtbase.dll
0x00007ffbae9b0000 - 0x00007ffbae9cb000 	C:\Users\mnshr\.openjfx\cache\19.0.2.1+1\amd64\vcruntime140.dll
0x00007ffbb4df0000 - 0x00007ffbb4dfc000 	C:\Users\mnshr\.openjfx\cache\19.0.2.1+1\amd64\vcruntime140_1.dll
0x00007ffbae920000 - 0x00007ffbae9ae000 	C:\Users\mnshr\.openjfx\cache\19.0.2.1+1\amd64\msvcp140.dll
0x00007ffbae7b0000 - 0x00007ffbae7b9000 	C:\Users\mnshr\.openjfx\cache\19.0.2.1+1\amd64\msvcp140_1.dll
0x00007ffbae780000 - 0x00007ffbae7b0000 	C:\Users\mnshr\.openjfx\cache\19.0.2.1+1\amd64\msvcp140_2.dll
0x00007ffbae750000 - 0x00007ffbae77c000 	C:\Users\mnshr\.openjfx\cache\19.0.2.1+1\amd64\prism_d3d.dll
0x00007ffbbebe0000 - 0x00007ffbbed89000 	C:\WINDOWS\system32\d3d9.dll
0x00007ffbcb980000 - 0x00007ffbcb9ab000 	C:\WINDOWS\SYSTEM32\dwmapi.dll
0x00007ffbcb9f0000 - 0x00007ffbcba29000 	C:\WINDOWS\SYSTEM32\dxcore.dll
0x00007ffbcb700000 - 0x00007ffbcb7ab000 	C:\WINDOWS\system32\uxtheme.dll
0x00007ffbc5610000 - 0x00007ffbc57c8000 	C:\WINDOWS\System32\DriverStore\FileRepository\u0382793.inf_amd64_1c9c9d36a5813460\B384051\aticfx64.dll
0x00007ffbae710000 - 0x00007ffbae744000 	C:\WINDOWS\System32\DriverStore\FileRepository\u0382793.inf_amd64_1c9c9d36a5813460\B384051\atiu9p64.dll
0x00007ffb3b050000 - 0x00007ffb3bda4000 	C:\WINDOWS\System32\DriverStore\FileRepository\u0382793.inf_amd64_1c9c9d36a5813460\B384051\atiumd64.dll
0x00007ffbcf220000 - 0x00007ffbcf3c5000 	C:\WINDOWS\System32\ole32.dll
0x0000000076c20000 - 0x0000000077a94000 	C:\WINDOWS\System32\DriverStore\FileRepository\u0382793.inf_amd64_1c9c9d36a5813460\B384051\atiumd6a.dll
0x00007ffbcf960000 - 0x00007ffbcfdd4000 	C:\WINDOWS\System32\SETUPAPI.dll
0x00007ffbc4680000 - 0x00007ffbc46b0000 	C:\WINDOWS\SYSTEM32\amdihk64.dll
0x00007ffbc8590000 - 0x00007ffbc85da000 	C:\WINDOWS\SYSTEM32\directxdatabasehelper.dll
0x00007ffbae6c0000 - 0x00007ffbae702000 	C:\Users\mnshr\.openjfx\cache\19.0.2.1+1\amd64\glass.dll
0x00007ffbcf790000 - 0x00007ffbcf889000 	C:\WINDOWS\System32\COMDLG32.dll
0x00007ffbd1080000 - 0x00007ffbd11d3000 	C:\WINDOWS\System32\MSCTF.dll
0x00007ffbae5c0000 - 0x00007ffbae5ca000 	C:\Program Files\Java\jdk-21\bin\management.dll
0x00007ffba2760000 - 0x00007ffba276b000 	C:\Program Files\Java\jdk-21\bin\management_ext.dll
0x00007ffbd0700000 - 0x00007ffbd0708000 	C:\WINDOWS\System32\PSAPI.DLL
0x00007ffbcde30000 - 0x00007ffbcde4b000 	C:\WINDOWS\SYSTEM32\CRYPTSP.dll
0x00007ffbcd690000 - 0x00007ffbcd6c5000 	C:\WINDOWS\system32\rsaenh.dll
0x00007ffbcdcd0000 - 0x00007ffbcdcf8000 	C:\WINDOWS\SYSTEM32\USERENV.dll
0x00007ffbcde50000 - 0x00007ffbcde5c000 	C:\WINDOWS\SYSTEM32\CRYPTBASE.dll
0x00007ffbcd120000 - 0x00007ffbcd14d000 	C:\WINDOWS\SYSTEM32\IPHLPAPI.DLL
0x00007ffbcfe50000 - 0x00007ffbcfe59000 	C:\WINDOWS\System32\NSI.dll
0x00007ffbae6a0000 - 0x00007ffbae6b4000 	C:\Users\mnshr\.openjfx\cache\19.0.2.1+1\amd64\javafx_font.dll
0x00007ffbca1c0000 - 0x00007ffbca434000 	C:\WINDOWS\SYSTEM32\dwrite.dll
0x00007ffbd11e0000 - 0x00007ffbd1290000 	C:\WINDOWS\System32\clbcatq.dll
0x00007ffbc9c20000 - 0x00007ffbc9dd0000 	C:\WINDOWS\SYSTEM32\WindowsCodecs.dll
0x00007ffb9e670000 - 0x00007ffb9e6ce000 	C:\WINDOWS\system32\dataexchange.dll
0x00007ffbc4f60000 - 0x00007ffbc51ee000 	C:\WINDOWS\system32\twinapi.appcore.dll
0x00007ffbae660000 - 0x00007ffbae692000 	C:\Program Files\Common Files\Microsoft Shared\Ink\rtscom.dll
0x00007ffbbbf10000 - 0x00007ffbbc05a000 	C:\WINDOWS\SYSTEM32\textinputframework.dll
0x00007ffbcb310000 - 0x00007ffbcb444000 	C:\WINDOWS\SYSTEM32\CoreMessaging.dll

dbghelp: loaded successfully - version: 4.0.5 - missing functions: none
symbol engine: initialized successfully - sym options: 0x614 - pdb path: .;C:\Program Files\Java\jdk-21\bin;C:\WINDOWS\SYSTEM32;C:\WINDOWS\WinSxS\amd64_microsoft.windows.common-controls_6595b64144ccf1df_6.0.22621.3235_none_270f74e173860f98;C:\Program Files\Java\jdk-21\bin\server;C:\Users\mnshr\.openjfx\cache\19.0.2.1+1\amd64;C:\WINDOWS\System32\DriverStore\FileRepository\u0382793.inf_amd64_1c9c9d36a5813460\B384051;C:\Program Files\Common Files\Microsoft Shared\Ink

VM Arguments:
jvm_args: --module-path=D:\sem6\OOAD\Project\eFormer\Frontend\target\classes;C:\Users\mnshr\.m2\repository\com\dlsc\formsfx\formsfx-core\11.6.0\formsfx-core-11.6.0.jar;C:\Users\mnshr\.m2\repository\com\jfoenix\jfoenix\9.0.1\jfoenix-9.0.1.jar;C:\Users\mnshr\.m2\repository\de\jensd\fontawesomefx-commons\9.1.2\fontawesomefx-commons-9.1.2.jar;C:\Users\mnshr\.m2\repository\de\jensd\fontawesomefx-fontawesome\4.7.0-9.1.2\fontawesomefx-fontawesome-4.7.0-9.1.2.jar;C:\Users\mnshr\.m2\repository\eu\hansolo\tilesfx\16.0.3\tilesfx-16.0.3.jar;C:\Users\mnshr\.m2\repository\io\github\toolfactory\jvm-driver\9.4.3\jvm-driver-9.4.3.jar;C:\Users\mnshr\.m2\repository\net\synedra\validatorfx\0.4.0\validatorfx-0.4.0.jar;C:\Users\mnshr\.m2\repository\org\burningwave\core\12.62.7\core-12.62.7.jar;C:\Users\mnshr\.m2\repository\org\burningwave\jvm-driver\8.14.1\jvm-driver-8.14.1.jar;C:\Users\mnshr\.m2\repository\org\controlsfx\controlsfx\11.1.2\controlsfx-11.1.2.jar;C:\Users\mnshr\.m2\repository\org\json\json\20230227\json-20230227.jar;C:\Users\mnshr\.m2\repository\org\kordamp\bootstrapfx\bootstrapfx-core\0.4.0\bootstrapfx-core-0.4.0.jar;C:\Users\mnshr\.m2\repository\org\kordamp\ikonli\ikonli-core\12.3.1\ikonli-core-12.3.1.jar;C:\Users\mnshr\.m2\repository\org\kordamp\ikonli\ikonli-javafx\12.3.1\ikonli-javafx-12.3.1.jar;C:\Users\mnshr\.m2\repository\org\openjfx\javafx-base\19.0.2.1\javafx-base-19.0.2.1-win.jar;C:\Users\mnshr\.m2\repository\org\openjfx\javafx-controls\19.0.2.1\javafx-controls-19.0.2.1-win.jar;C:\Users\mnshr\.m2\repository\org\openjfx\javafx-fxml\19.0.2.1\javafx-fxml-19.0.2.1-win.jar;C:\Users\mnshr\.m2\repository\org\openjfx\javafx-graphics\19.0.2.1\javafx-graphics-19.0.2.1-win.jar;C:\Users\mnshr\.m2\repository\org\openjfx\javafx-media\19.0.2.1\javafx-media-19.0.2.1-win.jar;C:\Users\mnshr\.m2\repository\org\openjfx\javafx-web\19.0.2.1\javafx-web-19.0.2.1-win.jar --add-modules=eformer.front.eformer_frontend -Djdk.module.main=eformer.front.eformer_frontend 
java_command: eformer.front.eformer_frontend/eformer.front.eformer_frontend.Main
java_class_path (initial): C:\Users\mnshr\.m2\repository\de\jensd\fontawesomefx\8.9\fontawesomefx-8.9.jar;C:\Users\mnshr\.m2\repository\org\openjfx\javafx-base\19.0.2.1\javafx-base-19.0.2.1.jar;C:\Users\mnshr\.m2\repository\org\openjfx\javafx-controls\19.0.2.1\javafx-controls-19.0.2.1.jar;C:\Users\mnshr\.m2\repository\org\openjfx\javafx-fxml\19.0.2.1\javafx-fxml-19.0.2.1.jar;C:\Users\mnshr\.m2\repository\org\openjfx\javafx-graphics\19.0.2.1\javafx-graphics-19.0.2.1.jar;C:\Users\mnshr\.m2\repository\org\openjfx\javafx-media\19.0.2.1\javafx-media-19.0.2.1.jar;C:\Users\mnshr\.m2\repository\org\openjfx\javafx-web\19.0.2.1\javafx-web-19.0.2.1.jar
Launcher Type: SUN_STANDARD

[Global flags]
     intx CICompilerCount                          = 12                                        {product} {ergonomic}
     uint ConcGCThreads                            = 3                                         {product} {ergonomic}
     uint G1ConcRefinementThreads                  = 13                                        {product} {ergonomic}
   size_t G1HeapRegionSize                         = 1048576                                   {product} {ergonomic}
    uintx GCDrainStackTargetSize                   = 64                                        {product} {ergonomic}
   size_t InitialHeapSize                          = 125829120                                 {product} {ergonomic}
   size_t MarkStackSize                            = 4194304                                   {product} {ergonomic}
   size_t MaxHeapSize                              = 1992294400                                {product} {ergonomic}
   size_t MaxNewSize                               = 1195376640                                {product} {ergonomic}
   size_t MinHeapDeltaBytes                        = 1048576                                   {product} {ergonomic}
   size_t MinHeapSize                              = 8388608                                   {product} {ergonomic}
    uintx NonNMethodCodeHeapSize                   = 7602480                                {pd product} {ergonomic}
    uintx NonProfiledCodeHeapSize                  = 122027880                              {pd product} {ergonomic}
    uintx ProfiledCodeHeapSize                     = 122027880                              {pd product} {ergonomic}
    uintx ReservedCodeCacheSize                    = 251658240                              {pd product} {ergonomic}
     bool SegmentedCodeCache                       = true                                      {product} {ergonomic}
   size_t SoftMaxHeapSize                          = 1992294400                             {manageable} {ergonomic}
     bool UseCompressedOops                        = true                           {product lp64_product} {ergonomic}
     bool UseG1GC                                  = true                                      {product} {ergonomic}
     bool UseLargePagesIndividualAllocation        = false                                  {pd product} {ergonomic}

Logging:
Log output configuration:
 #0: stdout all=warning uptime,level,tags foldmultilines=false
 #1: stderr all=off uptime,level,tags foldmultilines=false

Environment Variables:
PATH=C:\Program Files\Common Files\Oracle\Java\javapath;C:\Windows\system32;C:\Windows;C:\Windows\System32\Wbem;C:\Windows\System32\WindowsPowerShell\v1.0\;C:\Windows\System32\OpenSSH\;C:\Program Files (x86)\NVIDIA Corporation\PhysX\Common;C:\MinGW\bin;C:\Program Files\Git\cmd;C:\iverilog\bin;C:\iverilog\gtkwave\bin;C:\Program Files\MongoDB\Server\6.0\bin;C:\Program Files\Cloudflare\Cloudflare WARP\;C:\WINDOWS\system32;C:\WINDOWS;C:\WINDOWS\System32\Wbem;C:\WINDOWS\System32\WindowsPowerShell\v1.0\;C:\WINDOWS\System32\OpenSSH\;C:\Users\mnshr\AppData\Roaming\nvm;C:\Program Files\nodejs;C:\Program Files\Java\jdk-21\bin;C:\Program Files\Docker\Docker\resources\bin;C:\Program Files\Kubernetes\Minikube;D:\Installation programs\apache-maven-3.9.6-bin.zip\apache-maven-3.9.6\bin;D:\Installation programs\Apache Maven\apache-maven-3.9.6\bin;C:\Program Files\MySQL\MySQL Shell 8.0\bin\;C:\Users\mnshr\AppData\Local\Programs\Python\Python310\Scripts\;C:\Users\mnshr\AppData\Local\Programs\Python\Python310\;C:\Users\mnshr\AppData\Local\Microsoft\WindowsApps;C:\Users\mnshr\AppData\Local\Programs\Microsoft VS Code\bin;C:\Users\mnshr\AppData\Roaming\npm;C:\Users\mnshr\AppData\Roaming\TinyTeX\bin\windows;C:\Users\mnshr\AppData\Roaming\nvm;C:\Program Files\nodejs
USERNAME=mnshr
LANG=en_US.UTF-8
OS=Windows_NT
PROCESSOR_IDENTIFIER=AMD64 Family 23 Model 96 Stepping 1, AuthenticAMD
TMP=C:\Users\mnshr\AppData\Local\Temp
TEMP=C:\Users\mnshr\AppData\Local\Temp




Periodic native trim disabled

---------------  S Y S T E M  ---------------

OS:
 Windows 11 , 64 bit Build 22621 (10.0.22621.3374)
OS uptime: 0 days 2:32 hours
Hyper-V role detected

CPU: total 16 (initial active 16) (16 cores per cpu, 2 threads per core) family 23 model 96 stepping 1 microcode 0x0, cx8, cmov, fxsr, ht, mmx, 3dnowpref, sse, sse2, sse3, ssse3, sse4a, sse4.1, sse4.2, popcnt, lzcnt, tsc, tscinvbit, avx, avx2, aes, clmul, bmi1, bmi2, adx, sha, fma, vzeroupper, clflush, clflushopt, hv, rdtscp, rdpid, f16c
Processor Information for all 16 processors :
  Max Mhz: 2901, Current Mhz: 2901, Mhz Limit: 2901

Memory: 4k page, system-wide physical 7599M (1010M free)
TotalPageFile size 17384M (AvailPageFile size 27M)
current process WorkingSet (physical memory assigned to process): 349M, peak: 375M
current process commit charge ("private bytes"): 520M, peak: 556M

vm_info: Java HotSpot(TM) 64-Bit Server VM (21.0.2+13-LTS-58) for windows-amd64 JRE (21.0.2+13-LTS-58), built on 2024-01-05T18:32:24Z by "mach5one" with MS VC++ 17.1 (VS2022)

END.
